#
# A fatal error has been detected by the Java Runtime Environment:
#
#  Internal Error (jvmciRuntime.cpp:1609), pid=31, tid=45
#  fatal error: Fatal exception in JVMCI: Error calling jdk.vm.ci.services.Services.serializeSavedProperties
#
# JRE version: OpenJDK Runtime Environment GraalVM CE 22.3.0 (17.0.5+8) (build 17.0.5+8-jvmci-22.3-b08)
# Java VM: OpenJDK 64-Bit Server VM GraalVM CE 22.3.0 (17.0.5+8-jvmci-22.3-b08, mixed mode, sharing, tiered, jvmci, jvmci compiler, compressed oops, compressed class ptrs, parallel gc, linux-amd64)
# Problematic frame:
# V  [libjvm.so+0x972714]  JVMCIRuntime::fatal_exception(JVMCIEnv*, char const*)+0x74
#
# Core dump will be written. Default location: Core dumps may be processed with "/usr/share/apport/apport -p%p -s%s -c%c -d%d -P%P -u%u -g%g -- %E" (or dumping to /home/runner/cohort-3-prework-cooperl88/core.31)
#
# If you would like to submit a bug report, please visit:
#   https://github.com/oracle/graal/issues
#

---------------  S U M M A R Y ------------

Command Line: -XX:ThreadPriorityPolicy=1 -XX:+UnlockExperimentalVMOptions -XX:+EnableJVMCIProduct -XX:JVMCIThreadsPerNativeLibraryRuntime=1 -XX:-UnlockExperimentalVMOptions -Declipse.application=org.eclipse.jdt.ls.core.id1 -Dosgi.bundles.defaultStartLevel=4 -Declipse.product=org.eclipse.jdt.ls.core.product -Dlog.level=ALL -Xverify:none -XX:+UseParallelGC -XX:GCTimeRatio=4 -XX:AdaptiveSizePolicyWeight=90 -Dsun.zip.disableMemoryMapping=true -Xmx512m -Xms100m /nix/store/m6gcpi1ii6rghy04cjwjddcavv7i90df-jdt-language-server-1.9.0/share/java/plugins/org.eclipse.equinox.launcher_1.6.400.v20210924-0641.jar --add-modules=ALL-SYSTEM --add-opens java.base/java.util=ALL-UNNAMED --add-opens java.base/java.lang=ALL-UNNAMED -configuration /home/runner/.cache/jdt-language-server/config -data /home/runner/.cache/jdt-language-server/data/home/runner/cohort-3-prework-cooperl88

Host: AMD EPYC 7B12, 8 cores, 1G, Ubuntu 20.04.2 LTS
Time: Fri Mar  3 19:26:56 2023 UTC elapsed time: 1532.719590 seconds (0d 0h 25m 32s)

---------------  T H R E A D  ---------------

Current thread (0x00007f49040b2230):  JavaThread "JVMCI-native CompilerThread0" daemon [_thread_in_vm, id=45, stack(0x00007f48eaecd000,0x00007f48eb0cd000)]


Current CompileTask:
JVMCI-native:1532720 7531       4       org.eclipse.jdt.internal.core.JavaProject::equals (35 bytes)

Stack: [0x00007f48eaecd000,0x00007f48eb0cd000],  sp=0x00007f48eb0cb380,  free space=2040k
Native frames: (J=compiled Java code, j=interpreted, Vv=VM code, C=native code)
V  [libjvm.so+0x972714]  JVMCIRuntime::fatal_exception(JVMCIEnv*, char const*)+0x74
V  [libjvm.so+0x93e2fe]  JVMCIEnv::copy_saved_properties()+0x14e
V  [libjvm.so+0x9732a9]  JVMCIRuntime::initialize(JVMCIEnv*)+0xb19
V  [libjvm.so+0x9738a2]  JVMCIRuntime::get_HotSpotJVMCIRuntime(JVMCIEnv*)+0x12
V  [libjvm.so+0x9749f2]  JVMCIRuntime::compile_method(JVMCIEnv*, JVMCICompiler*, methodHandle const&, int)+0xd2
V  [libjvm.so+0x5b0d20]  CompileBroker::invoke_compiler_on_method(CompileTask*)+0x1470
V  [libjvm.so+0x5b12e8]  CompileBroker::compiler_thread_loop()+0x528
V  [libjvm.so+0xd82460]  JavaThread::thread_main_inner()+0xd0
V  [libjvm.so+0xd85a40]  Thread::call_run()+0xc0
V  [libjvm.so+0xbdb1e1]  thread_native_entry(Thread*)+0xe1

Register to memory mapping:

RAX=0x00007f490ab7f000 points into unknown readable memory: 0x0000000000000058 | 58 00 00 00 00 00 00 00
RBX=0x00007f490bc7a398: <offset 0x0000000000ef5398> in /nix/store/gpxl5qgg8kicmcvivwmybwjlpf7wh20l-graalvm17-ce-22.3.0/lib/server/libjvm.so at 0x00007f490ad85000
RCX=0x00007f490bc321e8: <offset 0x0000000000ead1e8> in /nix/store/gpxl5qgg8kicmcvivwmybwjlpf7wh20l-graalvm17-ce-22.3.0/lib/server/libjvm.so at 0x00007f490ad85000
RDX=0x0000000000000649 is an unknown value
RSP=0x00007f48eb0cb380 is pointing into the stack for thread: 0x00007f49040b2230
RBP=0x00007f48eb0cb3a0 is pointing into the stack for thread: 0x00007f49040b2230
RSI=0x00007f490bc7ac48: <offset 0x0000000000ef5c48> in /nix/store/gpxl5qgg8kicmcvivwmybwjlpf7wh20l-graalvm17-ce-22.3.0/lib/server/libjvm.so at 0x00007f490ad85000
RDI=0x00000000e0000000 is an oop: [B 
{0x00000000e0000000} - klass: {type array byte}
 - length: 49
R8 =0x00007f490bc7a398: <offset 0x0000000000ef5398> in /nix/store/gpxl5qgg8kicmcvivwmybwjlpf7wh20l-graalvm17-ce-22.3.0/lib/server/libjvm.so at 0x00007f490ad85000
R9 =0x00007f48eb0cb330 is pointing into the stack for thread: 0x00007f49040b2230
R10=0x00007f48eb0cc948 is pointing into the stack for thread: 0x00007f49040b2230
R11=0x0000000000000293 is an unknown value
R12=0x0 is NULL
R13=0x00007f49040b2230 is a thread
R14=0x00007f4904000b80 points into unknown readable memory: 0x00007f490beaba38 | 38 ba ea 0b 49 7f 00 00
R15=0x00007f490bfb9e40: <offset 0x0000000001234e40> in /nix/store/gpxl5qgg8kicmcvivwmybwjlpf7wh20l-graalvm17-ce-22.3.0/lib/server/libjvm.so at 0x00007f490ad85000


Registers:
RAX=0x00007f490ab7f000, RBX=0x00007f490bc7a398, RCX=0x00007f490bc321e8, RDX=0x0000000000000649
RSP=0x00007f48eb0cb380, RBP=0x00007f48eb0cb3a0, RSI=0x00007f490bc7ac48, RDI=0x00000000e0000000
R8 =0x00007f490bc7a398, R9 =0x00007f48eb0cb330, R10=0x00007f48eb0cc948, R11=0x0000000000000293
R12=0x0000000000000000, R13=0x00007f49040b2230, R14=0x00007f4904000b80, R15=0x00007f490bfb9e40
RIP=0x00007f490b6f7714, EFLAGS=0x0000000000010206, CSGSFS=0x002b000000000033, ERR=0x0000000000000006
  TRAPNO=0x000000000000000e

Top of Stack: (sp=0x00007f48eb0cb380)
0x00007f48eb0cb380:   00007f48eb0cb940 00007f49040b2230
0x00007f48eb0cb390:   00007f49095108c8 0000000800c405e8
0x00007f48eb0cb3a0:   00007f48eb0cb500 00007f490b6c32fe
0x00007f48eb0cb3b0:   00007f48eb0cb3e0 00007f48eb0cb440 

Instructions: (pc=0x00007f490b6f7714)
0x00007f490b6f7614:   30 e8 f6 cf e8 ff 4c 89 e7 e8 2e 48 d1 ff 84 db
0x00007f490b6f7624:   75 2a 4d 85 ed 74 04 4d 8b 6d 00 48 83 c4 08 44
0x00007f490b6f7634:   89 f9 4c 89 f2 4c 89 ee 5b 4c 89 e7 41 5c 41 5d
0x00007f490b6f7644:   41 5e 41 5f 5d e9 e2 47 d1 ff 66 90 48 83 c4 08
0x00007f490b6f7654:   5b 41 5c 41 5d 41 5e 41 5f 5d c3 90 31 d2 be 08
0x00007f490b6f7664:   00 00 00 4c 89 ff e8 b1 78 a3 ff 49 89 c5 e9 37
0x00007f490b6f7674:   ff ff ff 66 0f 1f 84 00 00 00 00 00 48 8b 7a 08
0x00007f490b6f7684:   e9 6d ff ff ff 0f 1f 80 00 00 00 00 e8 5b 48 0a
0x00007f490b6f7694:   00 84 c0 75 89 e9 6a ff ff ff 66 90 55 48 89 e5
0x00007f490b6f76a4:   41 56 41 55 41 54 49 89 fc 53 48 89 f3 66 48 8d
0x00007f490b6f76b4:   3d 27 5e 85 00 66 66 48 e8 df 43 8d ff 4c 8b 28
0x00007f490b6f76c4:   8b 05 be 72 8a 00 85 c0 75 14 ba 01 00 00 00 48
0x00007f490b6f76d4:   8d 0d ae 72 8a 00 f0 0f b1 11 85 c0 74 4e be c8
0x00007f490b6f76e4:   00 00 00 4c 89 ef e8 01 0b 41 00 48 8d 05 12 ac
0x00007f490b6f76f4:   85 00 49 89 d8 48 8d 0d e8 aa 53 00 ba 49 06 00
0x00007f490b6f7704:   00 48 8d 35 3c 35 58 00 bf 00 00 00 e0 48 8b 00
0x00007f490b6f7714:   c6 00 58 31 c0 e8 e2 91 c6 ff 5b 41 5c 41 5d 41
0x00007f490b6f7724:   5e 5d e9 55 34 26 00 0f 1f 44 00 00 48 8d 05 81
0x00007f490b6f7734:   a3 8b 00 48 89 df 4c 8b 30 e8 9e 43 8d ff 48 89
0x00007f490b6f7744:   de 48 89 c2 49 8b 06 4c 89 f7 ff 50 08 4c 89 f7
0x00007f490b6f7754:   e8 a7 5c 27 00 4d 85 e4 74 12 be 01 00 00 00 4c
0x00007f490b6f7764:   89 e7 e8 35 43 fc ff eb 82 0f 1f 00 be 01 00 00
0x00007f490b6f7774:   00 4c 89 ef e8 d3 fd ff ff e9 6d ff ff ff 66 66
0x00007f490b6f7784:   2e 0f 1f 84 00 00 00 00 00 0f 1f 00 55 48 89 e5
0x00007f490b6f7794:   41 57 41 56 41 55 41 54 53 48 81 ec 08 02 00 00
0x00007f490b6f77a4:   64 48 8b 04 25 28 00 00 00 48 89 45 c8 8b 07 83
0x00007f490b6f77b4:   f8 02 0f 84 11 04 00 00 4c 8b 6f 18 49 89 ff 49
0x00007f490b6f77c4:   89 f4 4d 85 ed 74 14 4c 89 ef e8 5d 57 22 00 41
0x00007f490b6f77d4:   8b 07 83 f8 02 0f 84 19 04 00 00 48 8d 1d 9a 06
0x00007f490b6f77e4:   8a 00 4c 8d 35 0b 3c 58 00 eb 38 90 48 85 d2 7f
0x00007f490b6f77f4:   0d 48 8d 05 b4 c0 85 00 48 83 38 00 7e 0e 41 8b
0x00007f490b6f7804:   77 2c 4c 89 f7 31 c0 e8 a0 b2 f7 ff 49 8b 7f 18 


Stack slot to memory mapping:
stack at sp + 0 slots: 0x00007f48eb0cb940 is pointing into the stack for thread: 0x00007f49040b2230
stack at sp + 1 slots: 0x00007f49040b2230 is a thread
stack at sp + 2 slots: 0x00007f49095108c8 points into unknown readable memory: 0x65730018e552ffff | ff ff 52 e5 18 00 73 65
stack at sp + 3 slots: 0x0000000800c405e8 is a pointer to class: 
jdk.vm.ci.services.Services {0x0000000800c405e8}
 - instance size:     2
 - klass size:        65
 - access:            public final synchronized 
 - state:             fully_initialized
 - name:              'jdk/vm/ci/services/Services'
 - super:             'java/lang/Object'
 - sub:               
 - arrays:            NULL
 - methods:           Array<T>(0x00007f490843b258)
 - method ordering:   Array<T>(0x0000000800928960)
 - default_methods:   Array<T>(0x0000000000000000)
 - local interfaces:  Array<T>(0x00000008005ce810)
 - trans. interfaces: Array<T>(0x00000008005ce810)
 - constants:         constant pool [427] {0x00007f490843a338} for 'jdk/vm/ci/services/Services' cache=0x00007f490843c528
 - class loader data:  loader data: 0x00007f4904028410 of 'bootstrap'
 - source file:       'Services.java'
 - class annotations:       Array<T>(0x0000000000000000)
 - class type annotations:  Array<T>(0x0000000000000000)
 - field annotations:       Array<T>(0x0000000000000000)
 - field type annotations:  Array<T>(0x0000000000000000)
 - inner classes:     Array<T>(0x00007f490843c4f8)
 - nest members:     Array<T>(0x00007f490843c518)
 - permitted subclasses:     Array<T>(0x00000008005ce7a0)
 - java mirror:       a 'java/lang/Class'{0x00000000e017fc60} = 'jdk/vm/ci/services/Services'
 - vtable length      5  (start addr: 0x0000000800c407b8)
 - itable length      2 (start addr: 0x0000000800c407e0)
 - ---- static fields (3 words):
 - public static final 'IS_BUILDING_NATIVE_IMAGE' 'Z' @128 
 - public static final 'IS_IN_NATIVE_IMAGE' 'Z' @129 
 - private static volatile 'savedProperties' 'Ljava/util/Map;' @112 
 - static final 'JVMCI_ENABLED' 'Z' @130 
 - private static final 'servicesCache' 'Ljava/util/Map;' @116 
 - private static final 'MAX_UNICODE_IN_UTF8_LENGTH' 'I' @120 
 - private static final 'MAX_UTF8_PROPERTY_STRING_LENGTH' 'I' @124 
 - ---- non-static fields (0 words):
 - non-static oop maps: 
stack at sp + 4 slots: 0x00007f48eb0cb500 is pointing into the stack for thread: 0x00007f49040b2230
stack at sp + 5 slots: 0x00007f490b6c32fe: <offset 0x000000000093e2fe> in /nix/store/gpxl5qgg8kicmcvivwmybwjlpf7wh20l-graalvm17-ce-22.3.0/lib/server/libjvm.so at 0x00007f490ad85000
stack at sp + 6 slots: 0x00007f48eb0cb3e0 is pointing into the stack for thread: 0x00007f49040b2230
stack at sp + 7 slots: 0x00007f48eb0cb440 is pointing into the stack for thread: 0x00007f49040b2230


---------------  P R O C E S S  ---------------

Threads class SMR info:
_java_thread_list=0x00007f487006c170, length=29, elements={
0x00007f49040266b0, 0x00007f49040a64f0, 0x00007f49040a7930, 0x00007f49040ae0a0,
0x00007f49040af450, 0x00007f49040b0840, 0x00007f49040b2230, 0x00007f49040b3740,
0x00007f49040b4b90, 0x00007f49040d7b00, 0x00007f490411f8b0, 0x00007f490430b6e0,
0x00007f490433f130, 0x00007f4904340d80, 0x00007f49043a01c0, 0x00007f48a0016d40,
0x00007f48a02b0570, 0x00007f48840010d0, 0x00007f48a04910a0, 0x00007f48a06ee330,
0x00007f49043917f0, 0x00007f48840072a0, 0x00007f49043ba8b0, 0x00007f4878001130,
0x00007f486c19e090, 0x00007f486c19c920, 0x00007f486c199790, 0x00007f486c198e70,
0x00007f4870000ff0
}

Java Threads: ( => current thread )
  0x00007f49040266b0 JavaThread "main" [_thread_blocked, id=37, stack(0x00007f490aba0000,0x00007f490aca0000)]
  0x00007f49040a64f0 JavaThread "Reference Handler" daemon [_thread_blocked, id=40, stack(0x00007f4908300000,0x00007f4908400000)]
  0x00007f49040a7930 JavaThread "Finalizer" daemon [_thread_blocked, id=41, stack(0x00007f4908200000,0x00007f4908300000)]
  0x00007f49040ae0a0 JavaThread "Signal Dispatcher" daemon [_thread_blocked, id=42, stack(0x00007f4908100000,0x00007f4908200000)]
  0x00007f49040af450 JavaThread "Service Thread" daemon [_thread_blocked, id=43, stack(0x00007f4908000000,0x00007f4908100000)]
  0x00007f49040b0840 JavaThread "Monitor Deflation Thread" daemon [_thread_blocked, id=44, stack(0x00007f48eb0cd000,0x00007f48eb1cd000)]
=>0x00007f49040b2230 JavaThread "JVMCI-native CompilerThread0" daemon [_thread_in_vm, id=45, stack(0x00007f48eaecd000,0x00007f48eb0cd000)]
  0x00007f49040b3740 JavaThread "C1 CompilerThread0" daemon [_thread_blocked, id=46, stack(0x00007f48eaccd000,0x00007f48eaecd000)]
  0x00007f49040b4b90 JavaThread "Sweeper thread" daemon [_thread_blocked, id=47, stack(0x00007f48eabcd000,0x00007f48eaccd000)]
  0x00007f49040d7b00 JavaThread "Common-Cleaner" daemon [_thread_blocked, id=48, stack(0x00007f48eaacd000,0x00007f48eabcd000)]
  0x00007f490411f8b0 JavaThread "Notification Thread" daemon [_thread_blocked, id=49, stack(0x00007f48ea9cd000,0x00007f48eaacd000)]
  0x00007f490430b6e0 JavaThread "Active Thread: Equinox Container: c39d8888-6efa-49f1-abc4-03bd7fec0d40" [_thread_blocked, id=64, stack(0x00007f48ea7cb000,0x00007f48ea8cb000)]
  0x00007f490433f130 JavaThread "Framework Event Dispatcher: Equinox Container: c39d8888-6efa-49f1-abc4-03bd7fec0d40" daemon [_thread_blocked, id=65, stack(0x00007f48e8300000,0x00007f48e8400000)]
  0x00007f4904340d80 JavaThread "Start Level: Equinox Container: c39d8888-6efa-49f1-abc4-03bd7fec0d40" daemon [_thread_blocked, id=66, stack(0x00007f48e8100000,0x00007f48e8200000)]
  0x00007f49043a01c0 JavaThread "Refresh Thread: Equinox Container: c39d8888-6efa-49f1-abc4-03bd7fec0d40" daemon [_thread_blocked, id=67, stack(0x00007f48b2d00000,0x00007f48b2e00000)]
  0x00007f48a0016d40 JavaThread "SCR Component Actor" daemon [_thread_blocked, id=76, stack(0x00007f48b2b00000,0x00007f48b2c00000)]
  0x00007f48a02b0570 JavaThread "Worker-JM" [_thread_blocked, id=86, stack(0x00007f48b2700000,0x00007f48b2800000)]
  0x00007f48840010d0 JavaThread "Worker-1: Compacting resource model" [_thread_blocked, id=88, stack(0x00007f48b2300000,0x00007f48b2400000)]
  0x00007f48a04910a0 JavaThread "Java indexing" daemon [_thread_blocked, id=89, stack(0x00007f48b2100000,0x00007f48b2200000)]
  0x00007f48a06ee330 JavaThread "Bundle File Closer" daemon [_thread_blocked, id=90, stack(0x00007f48b1f00000,0x00007f48b2000000)]
  0x00007f49043917f0 JavaThread "pool-3-thread-1" [_thread_blocked, id=99, stack(0x00007f48b1d00000,0x00007f48b1e00000)]
  0x00007f48840072a0 JavaThread "Worker-2: Java indexing... " [_thread_blocked, id=100, stack(0x00007f48b1b00000,0x00007f48b1c00000)]
  0x00007f49043ba8b0 JavaThread "pool-2-thread-1" [_thread_blocked, id=101, stack(0x00007f48b1900000,0x00007f48b1a00000)]
  0x00007f4878001130 JavaThread "Worker-3: Periodic workspace save." [_thread_blocked, id=102, stack(0x00007f48b1700000,0x00007f48b1800000)]
  0x00007f486c19e090 JavaThread "Thread-19" [_thread_blocked, id=2276, stack(0x00007f48b2a00000,0x00007f48b2b00000)]
  0x00007f486c19c920 JavaThread "Thread-20" [_thread_blocked, id=3570, stack(0x00007f48b1500000,0x00007f48b1600000)]
  0x00007f486c199790 JavaThread "Thread-21" [_thread_blocked, id=3995, stack(0x00007f48b1e00000,0x00007f48b1f00000)]
  0x00007f486c198e70 JavaThread "Thread-22" [_thread_blocked, id=4383, stack(0x00007f48b2500000,0x00007f48b2600000)]
  0x00007f4870000ff0 JavaThread "Worker-6" [_thread_blocked, id=5308, stack(0x00007f48b2600000,0x00007f48b2700000)]

Other Threads:
  0x00007f49040a1c30 VMThread "VM Thread" [stack: 0x00007f4908cb9000,0x00007f4908db9000] [id=39] _threads_hazard_ptr=0x00007f487006c170
  0x00007f4904121250 WatcherThread [stack: 0x00007f48ea8cd000,0x00007f48ea9cd000] [id=50]
  0x00007f490403df50 GCTaskThread "GC Thread#0" [stack: 0x00007f490a763000,0x00007f490a863000] [id=38]

Threads with active compile tasks:
JVMCI-native CompilerThread0  1532821 7531       4       org.eclipse.jdt.internal.core.JavaProject::equals (35 bytes)

VM state: synchronizing (normal execution)

VM Mutex/Monitor currently owned by a thread:  ([mutex/lock_event])
[0x00007f4904023860] Threads_lock - owner thread: 0x00007f49040a1c30
[0x00007f4904024010] Heap_lock - owner thread: 0x00007f4878001130

OutOfMemory and StackOverflow Exception counts:
OutOfMemoryError java_heap_errors=3
LinkageErrors=50

Heap address: 0x00000000e0000000, size: 512 MB, Compressed Oops mode: 32-bit

CDS archive(s) mapped at: [0x0000000800000000-0x0000000800bc8000-0x0000000800bc8000), size 12353536, SharedBaseAddress: 0x0000000800000000, ArchiveRelocationMode: 0.
Compressed class space mapped at: 0x0000000800c00000-0x0000000840c00000, reserved size: 1073741824
Narrow klass base: 0x0000000800000000, Narrow klass shift: 0, Narrow klass range: 0x100000000

GC Precious Log:
 CPUs: 8 total, 1 available
 Memory: 1024M
 Large Page Support: Disabled
 NUMA Support: Disabled
 Compressed Oops: Enabled (32-bit)
 Alignments: Space 512K, Generation 512K, Heap 2M
 Heap Min Capacity: 100M
 Heap Initial Capacity: 100M
 Heap Max Capacity: 512M
 Pre-touch: Disabled
 Parallel Workers: 1

Heap:
 PSYoungGen      total 58880K, used 29262K [0x00000000f5580000, 0x00000000fb980000, 0x0000000100000000)
  eden space 26624K, 99% used [0x00000000f5580000,0x00000000f6f7fff8,0x00000000f6f80000)
  from space 32256K, 8% used [0x00000000f6f80000,0x00000000f7213ad0,0x00000000f8f00000)
  to   space 36352K, 0% used [0x00000000f9600000,0x00000000f9600000,0x00000000fb980000)
 ParOldGen       total 349696K, used 349695K [0x00000000e0000000, 0x00000000f5580000, 0x00000000f5580000)
  object space 349696K, 99% used [0x00000000e0000000,0x00000000f557ffe8,0x00000000f5580000)
 Metaspace       used 55304K, committed 56128K, reserved 1105920K
  class space    used 5536K, committed 5888K, reserved 1048576K

Card table byte_map: [0x00007f490a863000,0x00007f490a964000] _byte_map_base: 0x00007f490a163000

Marking Bits: (ParMarkBitMap*) 0x00007f490bfb34c0
 Begin Bits: [0x00007f49096b6000, 0x00007f4909eb6000)
 End Bits:   [0x00007f4909eb6000, 0x00007f490a6b6000)

Polling page: 0x00007f490ab7d000

Metaspace:

Usage:
  Non-class:     48.60 MB used.
      Class:      5.41 MB used.
       Both:     54.01 MB used.

Virtual space:
  Non-class space:       56.00 MB reserved,      49.06 MB ( 88%) committed,  7 nodes.
      Class space:        1.00 GB reserved,       5.75 MB ( <1%) committed,  1 nodes.
             Both:        1.05 GB reserved,      54.81 MB (  5%) committed. 

Chunk freelists:
   Non-Class:  2.89 MB
       Class:  2.28 MB
        Both:  5.17 MB

MaxMetaspaceSize: unlimited
CompressedClassSpaceSize: 1.00 GB
Initial GC threshold: 21.00 MB
Current GC threshold: 91.25 MB
CDS: on
MetaspaceReclaimPolicy: balanced
 - commit_granule_bytes: 65536.
 - commit_granule_words: 8192.
 - virtual_space_node_default_size: 1048576.
 - enlarge_chunks_in_place: 1.
 - new_chunks_are_fully_committed: 0.
 - uncommit_free_chunks: 1.
 - use_allocation_guard: 0.
 - handle_deallocations: 1.


Internal statistics:

num_allocs_failed_limit: 6.
num_arena_births: 368.
num_arena_deaths: 76.
num_vsnodes_births: 8.
num_vsnodes_deaths: 0.
num_space_committed: 876.
num_space_uncommitted: 0.
num_chunks_returned_to_freelist: 104.
num_chunks_taken_from_freelist: 2428.
num_chunk_merges: 36.
num_chunk_splits: 1597.
num_chunks_enlarged: 1061.
num_purges: 8.
num_inconsistent_stats: 0.

CodeHeap 'non-profiled nmethods': size=120036Kb used=2278Kb max_used=2308Kb free=117757Kb
 bounds [0x00007f48f2f7a000, 0x00007f48f31ea000, 0x00007f48fa4b3000]
CodeHeap 'profiled nmethods': size=120032Kb used=12174Kb max_used=14659Kb free=107858Kb
 bounds [0x00007f48eba42000, 0x00007f48ec8a2000, 0x00007f48f2f7a000]
CodeHeap 'non-nmethods': size=5692Kb used=1397Kb max_used=1401Kb free=4294Kb
 bounds [0x00007f48eb4b3000, 0x00007f48eb723000, 0x00007f48eba42000]
 total_blobs=6411 nmethods=5672 adapters=616
 compilation: enabled
              stopped_count=0, restarted_count=0
 full_count=0

JVMCI Events (20 events):
Event: 1410.650 Thread 0x00007f49040b2230 destroyed JavaVM[15]@0x00007f48b0d9e340 for JVMCI runtime 0
Event: 1410.650 Thread 0x00007f49040b2230 compacted oop handles in JVMCI runtime 0 from 66 to 66
Event: 1410.650 Thread 0x00007f49040b2230 releasing handles for JVMCI runtime 0: oop handles=66, metadata handles={total=134, live=129, blocks=38}
Event: 1410.650 Thread 0x00007f49040b2230 detached from JVMCI runtime 0
Event: 1481.860 Thread 0x00007f49040b2230 attached to JVMCI runtime 0
Event: 1481.861 Thread 0x00007f49040b2230 created JavaVM[16]@0x00007f48b0d9e340 for JVMCI runtime 0
Event: 1483.202 Thread 0x00007f49040b2230 initializing JVMCI runtime 0
Event: 1483.202 Thread 0x00007f49040b2230 done waiting for JavaVM references initialization in JVMCI runtime 0
Event: 1500.388 Thread 0x00007f49040b2230 initialized JVMCI runtime 0
Event: 1501.810 Thread 0x00007f49040b2230 detaching from JVMCI runtime 0: releasing idle compiler thread (0 other threads still attached)
Event: 1501.810 Thread 0x00007f49040b2230 shutting down HotSpotJVMCIRuntime for JVMCI runtime 0
Event: 1501.810 Thread 0x00007f49040b2230 shut down JVMCI runtime 0
Event: 1501.815 Thread 0x00007f49040b2230 destroyed JavaVM[16]@0x00007f48b0d9e340 for JVMCI runtime 0
Event: 1501.815 Thread 0x00007f49040b2230 compacted oop handles in JVMCI runtime 0 from 45 to 45
Event: 1501.815 Thread 0x00007f49040b2230 releasing handles for JVMCI runtime 0: oop handles=45, metadata handles={total=86, live=75, blocks=38}
Event: 1501.815 Thread 0x00007f49040b2230 detached from JVMCI runtime 0
Event: 1519.561 Thread 0x00007f49040b2230 attached to JVMCI runtime 0
Event: 1519.563 Thread 0x00007f49040b2230 created JavaVM[17]@0x00007f48b0d9e340 for JVMCI runtime 0
Event: 1520.858 Thread 0x00007f49040b2230 initializing JVMCI runtime 0
Event: 1520.858 Thread 0x00007f49040b2230 done waiting for JavaVM references initialization in JVMCI runtime 0

Compilation events (20 events):
Event: 1371.033 Thread 0x00007f49040b3740 7523       3       java.util.concurrent.locks.AbstractQueuedSynchronizer$ConditionObject::canReacquire (28 bytes)
Event: 1371.033 Thread 0x00007f49040b3740 nmethod 7523 0x00007f48ebc07f10 code [0x00007f48ebc080c0, 0x00007f48ebc08410]
Event: 1374.599 Thread 0x00007f49040b3740 7524       3       org.eclipse.core.internal.resources.AliasManager$LocationMap$$Lambda$127/0x0000000800d624f0::compare (14 bytes)
Event: 1374.600 Thread 0x00007f49040b3740 nmethod 7524 0x00007f48ebe5dc10 code [0x00007f48ebe5dec0, 0x00007f48ebe5f910]
Event: 1374.600 Thread 0x00007f49040b3740 7525       3       org.eclipse.core.internal.filesystem.local.LocalFile::compareTo (34 bytes)
Event: 1374.602 Thread 0x00007f49040b3740 nmethod 7525 0x00007f48ebc2a090 code [0x00007f48ebc2a320, 0x00007f48ebc2b610]
Event: 1377.112 Thread 0x00007f49040b3740 7526       3       org.eclipse.core.internal.filesystem.FileStoreUtil::countCharButNotAtEnd (34 bytes)
Event: 1377.113 Thread 0x00007f49040b3740 nmethod 7526 0x00007f48ec37a290 code [0x00007f48ec37a4a0, 0x00007f48ec37acb0]
Event: 1394.532 Thread 0x00007f49040b2230 nmethod 7516 0x00007f48f3146210 code [0x00007f48f3146380, 0x00007f48f31463c8]
Event: 1394.532 Thread 0x00007f49040b2230 7518       4       java.io.DataOutputStream::writeUTF (7 bytes)
Event: 1409.468 Thread 0x00007f49040b2230 nmethod 7518 0x00007f48f313b390 code [0x00007f48f313b5e0, 0x00007f48f313c710]
Event: 1409.468 Thread 0x00007f49040b2230 7517  s    4       java.io.BufferedOutputStream::write (35 bytes)
Event: 1409.472 Thread 0x00007f49040b2230 nmethod 7517 0x00007f48f3145c90 code [0x00007f48f3145e20, 0x00007f48f31460b0]
Event: 1476.853 Thread 0x00007f49040b3740 7527       3       org.eclipse.core.internal.resources.Workspace::getRuleFactory (24 bytes)
Event: 1478.021 Thread 0x00007f49040b3740 nmethod 7527 0x00007f48ebb24510 code [0x00007f48ebb246c0, 0x00007f48ebb248c0]
Event: 1481.859 Thread 0x00007f49040b2230 7528       4       org.eclipse.jdt.internal.compiler.lookup.PackageBinding::checkIfNullAnnotationPackage (76 bytes)
Event: 1500.396 Thread 0x00007f49040b2230 nmethod 7528 0x00007f48f313ac90 code [0x00007f48f313ae00, 0x00007f48f313aec0]
Event: 1515.658 Thread 0x00007f49040b3740 7530       3       org.eclipse.core.internal.resources.Resource::getProject (23 bytes)
Event: 1515.658 Thread 0x00007f49040b3740 nmethod 7530 0x00007f48ebf08a10 code [0x00007f48ebf08be0, 0x00007f48ebf08ec0]
Event: 1519.561 Thread 0x00007f49040b2230 7531       4       org.eclipse.jdt.internal.core.JavaProject::equals (35 bytes)

GC Heap History (20 events):
Event: 1519.572 GC heap before
{Heap before GC invocations=1302 (full 1175):
 PSYoungGen      total 58880K, used 29263K [0x00000000f5580000, 0x00000000fb980000, 0x0000000100000000)
  eden space 26624K, 100% used [0x00000000f5580000,0x00000000f6f80000,0x00000000f6f80000)
  from space 32256K, 8% used [0x00000000f6f80000,0x00000000f7213c50,0x00000000f8f00000)
  to   space 36352K, 0% used [0x00000000f9600000,0x00000000f9600000,0x00000000fb980000)
 ParOldGen       total 349696K, used 349693K [0x00000000e0000000, 0x00000000f5580000, 0x00000000f5580000)
  object space 349696K, 99% used [0x00000000e0000000,0x00000000f557f680,0x00000000f5580000)
 Metaspace       used 55304K, committed 56128K, reserved 1105920K
  class space    used 5536K, committed 5888K, reserved 1048576K
}
Event: 1520.858 GC heap after
{Heap after GC invocations=1302 (full 1175):
 PSYoungGen      total 58880K, used 29262K [0x00000000f5580000, 0x00000000fb980000, 0x0000000100000000)
  eden space 26624K, 99% used [0x00000000f5580000,0x00000000f6f7ff88,0x00000000f6f80000)
  from space 32256K, 8% used [0x00000000f6f80000,0x00000000f7213c50,0x00000000f8f00000)
  to   space 36352K, 0% used [0x00000000f9600000,0x00000000f9600000,0x00000000fb980000)
 ParOldGen       total 349696K, used 349691K [0x00000000e0000000, 0x00000000f5580000, 0x00000000f5580000)
  object space 349696K, 99% used [0x00000000e0000000,0x00000000f557ed30,0x00000000f5580000)
 Metaspace       used 55304K, committed 56128K, reserved 1105920K
  class space    used 5536K, committed 5888K, reserved 1048576K
}
Event: 1520.864 GC heap before
{Heap before GC invocations=1303 (full 1176):
 PSYoungGen      total 58880K, used 29263K [0x00000000f5580000, 0x00000000fb980000, 0x0000000100000000)
  eden space 26624K, 99% used [0x00000000f5580000,0x00000000f6f7fff8,0x00000000f6f80000)
  from space 32256K, 8% used [0x00000000f6f80000,0x00000000f7213c50,0x00000000f8f00000)
  to   space 36352K, 0% used [0x00000000f9600000,0x00000000f9600000,0x00000000fb980000)
 ParOldGen       total 349696K, used 349693K [0x00000000e0000000, 0x00000000f5580000, 0x00000000f5580000)
  object space 349696K, 99% used [0x00000000e0000000,0x00000000f557f490,0x00000000f5580000)
 Metaspace       used 55304K, committed 56128K, reserved 1105920K
  class space    used 5536K, committed 5888K, reserved 1048576K
}
Event: 1522.271 GC heap after
{Heap after GC invocations=1303 (full 1176):
 PSYoungGen      total 58880K, used 29263K [0x00000000f5580000, 0x00000000fb980000, 0x0000000100000000)
  eden space 26624K, 99% used [0x00000000f5580000,0x00000000f6f7ffe0,0x00000000f6f80000)
  from space 32256K, 8% used [0x00000000f6f80000,0x00000000f7213c50,0x00000000f8f00000)
  to   space 36352K, 0% used [0x00000000f9600000,0x00000000f9600000,0x00000000fb980000)
 ParOldGen       total 349696K, used 349691K [0x00000000e0000000, 0x00000000f5580000, 0x00000000f5580000)
  object space 349696K, 99% used [0x00000000e0000000,0x00000000f557ef18,0x00000000f5580000)
 Metaspace       used 55304K, committed 56128K, reserved 1105920K
  class space    used 5536K, committed 5888K, reserved 1048576K
}
Event: 1522.271 GC heap before
{Heap before GC invocations=1304 (full 1177):
 PSYoungGen      total 58880K, used 29263K [0x00000000f5580000, 0x00000000fb980000, 0x0000000100000000)
  eden space 26624K, 99% used [0x00000000f5580000,0x00000000f6f7ffe0,0x00000000f6f80000)
  from space 32256K, 8% used [0x00000000f6f80000,0x00000000f7213c50,0x00000000f8f00000)
  to   space 36352K, 0% used [0x00000000f9600000,0x00000000f9600000,0x00000000fb980000)
 ParOldGen       total 349696K, used 349691K [0x00000000e0000000, 0x00000000f5580000, 0x00000000f5580000)
  object space 349696K, 99% used [0x00000000e0000000,0x00000000f557ef18,0x00000000f5580000)
 Metaspace       used 55304K, committed 56128K, reserved 1105920K
  class space    used 5536K, committed 5888K, reserved 1048576K
}
Event: 1523.558 GC heap after
{Heap after GC invocations=1304 (full 1177):
 PSYoungGen      total 58880K, used 29263K [0x00000000f5580000, 0x00000000fb980000, 0x0000000100000000)
  eden space 26624K, 99% used [0x00000000f5580000,0x00000000f6f7ffe0,0x00000000f6f80000)
  from space 32256K, 8% used [0x00000000f6f80000,0x00000000f7213c50,0x00000000f8f00000)
  to   space 36352K, 0% used [0x00000000f9600000,0x00000000f9600000,0x00000000fb980000)
 ParOldGen       total 349696K, used 349691K [0x00000000e0000000, 0x00000000f5580000, 0x00000000f5580000)
  object space 349696K, 99% used [0x00000000e0000000,0x00000000f557eeb8,0x00000000f5580000)
 Metaspace       used 55304K, committed 56128K, reserved 1105920K
  class space    used 5536K, committed 5888K, reserved 1048576K
}
Event: 1523.559 GC heap before
{Heap before GC invocations=1305 (full 1178):
 PSYoungGen      total 58880K, used 29263K [0x00000000f5580000, 0x00000000fb980000, 0x0000000100000000)
  eden space 26624K, 99% used [0x00000000f5580000,0x00000000f6f7fff8,0x00000000f6f80000)
  from space 32256K, 8% used [0x00000000f6f80000,0x00000000f7213c50,0x00000000f8f00000)
  to   space 36352K, 0% used [0x00000000f9600000,0x00000000f9600000,0x00000000fb980000)
 ParOldGen       total 349696K, used 349692K [0x00000000e0000000, 0x00000000f5580000, 0x00000000f5580000)
  object space 349696K, 99% used [0x00000000e0000000,0x00000000f557f0f8,0x00000000f5580000)
 Metaspace       used 55304K, committed 56128K, reserved 1105920K
  class space    used 5536K, committed 5888K, reserved 1048576K
}
Event: 1524.991 GC heap after
{Heap after GC invocations=1305 (full 1178):
 PSYoungGen      total 58880K, used 29263K [0x00000000f5580000, 0x00000000fb980000, 0x0000000100000000)
  eden space 26624K, 99% used [0x00000000f5580000,0x00000000f6f7ffc8,0x00000000f6f80000)
  from space 32256K, 8% used [0x00000000f6f80000,0x00000000f7213c50,0x00000000f8f00000)
  to   space 36352K, 0% used [0x00000000f9600000,0x00000000f9600000,0x00000000fb980000)
 ParOldGen       total 349696K, used 349691K [0x00000000e0000000, 0x00000000f5580000, 0x00000000f5580000)
  object space 349696K, 99% used [0x00000000e0000000,0x00000000f557ef40,0x00000000f5580000)
 Metaspace       used 55304K, committed 56128K, reserved 1105920K
  class space    used 5536K, committed 5888K, reserved 1048576K
}
Event: 1524.991 GC heap before
{Heap before GC invocations=1306 (full 1179):
 PSYoungGen      total 58880K, used 29263K [0x00000000f5580000, 0x00000000fb980000, 0x0000000100000000)
  eden space 26624K, 99% used [0x00000000f5580000,0x00000000f6f7fff8,0x00000000f6f80000)
  from space 32256K, 8% used [0x00000000f6f80000,0x00000000f7213c50,0x00000000f8f00000)
  to   space 36352K, 0% used [0x00000000f9600000,0x00000000f9600000,0x00000000fb980000)
 ParOldGen       total 349696K, used 349691K [0x00000000e0000000, 0x00000000f5580000, 0x00000000f5580000)
  object space 349696K, 99% used [0x00000000e0000000,0x00000000f557ef40,0x00000000f5580000)
 Metaspace       used 55304K, committed 56128K, reserved 1105920K
  class space    used 5536K, committed 5888K, reserved 1048576K
}
Event: 1526.569 GC heap after
{Heap after GC invocations=1306 (full 1179):
 PSYoungGen      total 58880K, used 29263K [0x00000000f5580000, 0x00000000fb980000, 0x0000000100000000)
  eden space 26624K, 99% used [0x00000000f5580000,0x00000000f6f7fff8,0x00000000f6f80000)
  from space 32256K, 8% used [0x00000000f6f80000,0x00000000f7213c50,0x00000000f8f00000)
  to   space 36352K, 0% used [0x00000000f9600000,0x00000000f9600000,0x00000000fb980000)
 ParOldGen       total 349696K, used 349691K [0x00000000e0000000, 0x00000000f5580000, 0x00000000f5580000)
  object space 349696K, 99% used [0x00000000e0000000,0x00000000f557ef40,0x00000000f5580000)
 Metaspace       used 55304K, committed 56128K, reserved 1105920K
  class space    used 5536K, committed 5888K, reserved 1048576K
}
Event: 1526.574 GC heap before
{Heap before GC invocations=1307 (full 1180):
 PSYoungGen      total 58880K, used 29263K [0x00000000f5580000, 0x00000000fb980000, 0x0000000100000000)
  eden space 26624K, 99% used [0x00000000f5580000,0x00000000f6f7fff8,0x00000000f6f80000)
  from space 32256K, 8% used [0x00000000f6f80000,0x00000000f7213c50,0x00000000f8f00000)
  to   space 36352K, 0% used [0x00000000f9600000,0x00000000f9600000,0x00000000fb980000)
 ParOldGen       total 349696K, used 349694K [0x00000000e0000000, 0x00000000f5580000, 0x00000000f5580000)
  object space 349696K, 99% used [0x00000000e0000000,0x00000000f557f8d8,0x00000000f5580000)
 Metaspace       used 55304K, committed 56128K, reserved 1105920K
  class space    used 5536K, committed 5888K, reserved 1048576K
}
Event: 1527.847 GC heap after
{Heap after GC invocations=1307 (full 1180):
 PSYoungGen      total 58880K, used 29262K [0x00000000f5580000, 0x00000000fb980000, 0x0000000100000000)
  eden space 26624K, 99% used [0x00000000f5580000,0x00000000f6f7feb8,0x00000000f6f80000)
  from space 32256K, 8% used [0x00000000f6f80000,0x00000000f7213ba0,0x00000000f8f00000)
  to   space 36352K, 0% used [0x00000000f9600000,0x00000000f9600000,0x00000000fb980000)
 ParOldGen       total 349696K, used 349694K [0x00000000e0000000, 0x00000000f5580000, 0x00000000f5580000)
  object space 349696K, 99% used [0x00000000e0000000,0x00000000f557f870,0x00000000f5580000)
 Metaspace       used 55304K, committed 56128K, reserved 1105920K
  class space    used 5536K, committed 5888K, reserved 1048576K
}
Event: 1527.848 GC heap before
{Heap before GC invocations=1308 (full 1181):
 PSYoungGen      total 58880K, used 29262K [0x00000000f5580000, 0x00000000fb980000, 0x0000000100000000)
  eden space 26624K, 99% used [0x00000000f5580000,0x00000000f6f7fff8,0x00000000f6f80000)
  from space 32256K, 8% used [0x00000000f6f80000,0x00000000f7213ba0,0x00000000f8f00000)
  to   space 36352K, 0% used [0x00000000f9600000,0x00000000f9600000,0x00000000fb980000)
 ParOldGen       total 349696K, used 349694K [0x00000000e0000000, 0x00000000f5580000, 0x00000000f5580000)
  object space 349696K, 99% used [0x00000000e0000000,0x00000000f557f870,0x00000000f5580000)
 Metaspace       used 55304K, committed 56128K, reserved 1105920K
  class space    used 5536K, committed 5888K, reserved 1048576K
}
Event: 1529.062 GC heap after
{Heap after GC invocations=1308 (full 1181):
 PSYoungGen      total 58880K, used 29262K [0x00000000f5580000, 0x00000000fb980000, 0x0000000100000000)
  eden space 26624K, 99% used [0x00000000f5580000,0x00000000f6f7fff8,0x00000000f6f80000)
  from space 32256K, 8% used [0x00000000f6f80000,0x00000000f7213b38,0x00000000f8f00000)
  to   space 36352K, 0% used [0x00000000f9600000,0x00000000f9600000,0x00000000fb980000)
 ParOldGen       total 349696K, used 349694K [0x00000000e0000000, 0x00000000f5580000, 0x00000000f5580000)
  object space 349696K, 99% used [0x00000000e0000000,0x00000000f557f870,0x00000000f5580000)
 Metaspace       used 55304K, committed 56128K, reserved 1105920K
  class space    used 5536K, committed 5888K, reserved 1048576K
}
Event: 1529.062 GC heap before
{Heap before GC invocations=1309 (full 1182):
 PSYoungGen      total 58880K, used 29262K [0x00000000f5580000, 0x00000000fb980000, 0x0000000100000000)
  eden space 26624K, 99% used [0x00000000f5580000,0x00000000f6f7fff8,0x00000000f6f80000)
  from space 32256K, 8% used [0x00000000f6f80000,0x00000000f7213b38,0x00000000f8f00000)
  to   space 36352K, 0% used [0x00000000f9600000,0x00000000f9600000,0x00000000fb980000)
 ParOldGen       total 349696K, used 349695K [0x00000000e0000000, 0x00000000f5580000, 0x00000000f5580000)
  object space 349696K, 99% used [0x00000000e0000000,0x00000000f557fdd8,0x00000000f5580000)
 Metaspace       used 55304K, committed 56128K, reserved 1105920K
  class space    used 5536K, committed 5888K, reserved 1048576K
}
Event: 1530.145 GC heap after
{Heap after GC invocations=1309 (full 1182):
 PSYoungGen      total 58880K, used 29262K [0x00000000f5580000, 0x00000000fb980000, 0x0000000100000000)
  eden space 26624K, 99% used [0x00000000f5580000,0x00000000f6f7fff8,0x00000000f6f80000)
  from space 32256K, 8% used [0x00000000f6f80000,0x00000000f7213ad0,0x00000000f8f00000)
  to   space 36352K, 0% used [0x00000000f9600000,0x00000000f9600000,0x00000000fb980000)
 ParOldGen       total 349696K, used 349694K [0x00000000e0000000, 0x00000000f5580000, 0x00000000f5580000)
  object space 349696K, 99% used [0x00000000e0000000,0x00000000f557fa98,0x00000000f5580000)
 Metaspace       used 55304K, committed 56128K, reserved 1105920K
  class space    used 5536K, committed 5888K, reserved 1048576K
}
Event: 1530.146 GC heap before
{Heap before GC invocations=1310 (full 1183):
 PSYoungGen      total 58880K, used 29262K [0x00000000f5580000, 0x00000000fb980000, 0x0000000100000000)
  eden space 26624K, 99% used [0x00000000f5580000,0x00000000f6f7fff8,0x00000000f6f80000)
  from space 32256K, 8% used [0x00000000f6f80000,0x00000000f7213ad0,0x00000000f8f00000)
  to   space 36352K, 0% used [0x00000000f9600000,0x00000000f9600000,0x00000000fb980000)
 ParOldGen       total 349696K, used 349694K [0x00000000e0000000, 0x00000000f5580000, 0x00000000f5580000)
  object space 349696K, 99% used [0x00000000e0000000,0x00000000f557fad0,0x00000000f5580000)
 Metaspace       used 55304K, committed 56128K, reserved 1105920K
  class space    used 5536K, committed 5888K, reserved 1048576K
}
Event: 1531.403 GC heap after
{Heap after GC invocations=1310 (full 1183):
 PSYoungGen      total 58880K, used 29262K [0x00000000f5580000, 0x00000000fb980000, 0x0000000100000000)
  eden space 26624K, 99% used [0x00000000f5580000,0x00000000f6f7fff8,0x00000000f6f80000)
  from space 32256K, 8% used [0x00000000f6f80000,0x00000000f7213ad0,0x00000000f8f00000)
  to   space 36352K, 0% used [0x00000000f9600000,0x00000000f9600000,0x00000000fb980000)
 ParOldGen       total 349696K, used 349694K [0x00000000e0000000, 0x00000000f5580000, 0x00000000f5580000)
  object space 349696K, 99% used [0x00000000e0000000,0x00000000f557fab0,0x00000000f5580000)
 Metaspace       used 55304K, committed 56128K, reserved 1105920K
  class space    used 5536K, committed 5888K, reserved 1048576K
}
Event: 1531.404 GC heap before
{Heap before GC invocations=1311 (full 1184):
 PSYoungGen      total 58880K, used 29262K [0x00000000f5580000, 0x00000000fb980000, 0x0000000100000000)
  eden space 26624K, 99% used [0x00000000f5580000,0x00000000f6f7fff8,0x00000000f6f80000)
  from space 32256K, 8% used [0x00000000f6f80000,0x00000000f7213ad0,0x00000000f8f00000)
  to   space 36352K, 0% used [0x00000000f9600000,0x00000000f9600000,0x00000000fb980000)
 ParOldGen       total 349696K, used 349694K [0x00000000e0000000, 0x00000000f5580000, 0x00000000f5580000)
  object space 349696K, 99% used [0x00000000e0000000,0x00000000f557fab0,0x00000000f5580000)
 Metaspace       used 55304K, committed 56128K, reserved 1105920K
  class space    used 5536K, committed 5888K, reserved 1048576K
}
Event: 1532.709 GC heap after
{Heap after GC invocations=1311 (full 1184):
 PSYoungGen      total 58880K, used 29262K [0x00000000f5580000, 0x00000000fb980000, 0x0000000100000000)
  eden space 26624K, 99% used [0x00000000f5580000,0x00000000f6f7fff8,0x00000000f6f80000)
  from space 32256K, 8% used [0x00000000f6f80000,0x00000000f7213ad0,0x00000000f8f00000)
  to   space 36352K, 0% used [0x00000000f9600000,0x00000000f9600000,0x00000000fb980000)
 ParOldGen       total 349696K, used 349694K [0x00000000e0000000, 0x00000000f5580000, 0x00000000f5580000)
  object space 349696K, 99% used [0x00000000e0000000,0x00000000f557fab0,0x00000000f5580000)
 Metaspace       used 55304K, committed 56128K, reserved 1105920K
  class space    used 5536K, committed 5888K, reserved 1048576K
}

Dll operation events (9 events):
Event: 0.002 Loaded shared library /nix/store/gpxl5qgg8kicmcvivwmybwjlpf7wh20l-graalvm17-ce-22.3.0/lib/libjava.so
Event: 0.007 Loaded shared library /nix/store/gpxl5qgg8kicmcvivwmybwjlpf7wh20l-graalvm17-ce-22.3.0/lib/libjsvml.so
Event: 0.194 Loaded shared library /nix/store/gpxl5qgg8kicmcvivwmybwjlpf7wh20l-graalvm17-ce-22.3.0/lib/libjvmcicompiler.so
Event: 0.203 Loaded shared library /nix/store/gpxl5qgg8kicmcvivwmybwjlpf7wh20l-graalvm17-ce-22.3.0/lib/libnio.so
Event: 0.214 Loaded shared library /nix/store/gpxl5qgg8kicmcvivwmybwjlpf7wh20l-graalvm17-ce-22.3.0/lib/libzip.so
Event: 0.537 Loaded shared library /nix/store/gpxl5qgg8kicmcvivwmybwjlpf7wh20l-graalvm17-ce-22.3.0/lib/libjimage.so
Event: 1.041 Loaded shared library /nix/store/gpxl5qgg8kicmcvivwmybwjlpf7wh20l-graalvm17-ce-22.3.0/lib/libnet.so
Event: 4.136 Loaded shared library /home/runner/.cache/jdt-language-server/config/org.eclipse.equinox.launcher/org.eclipse.equinox.launcher.gtk.linux.x86_64_1.2.400.v20211117-0650/eclipse_11600.so
Event: 12.894 Loaded shared library /nix/store/gpxl5qgg8kicmcvivwmybwjlpf7wh20l-graalvm17-ce-22.3.0/lib/libextnet.so

Deoptimization events (20 events):
Event: 65.023 Thread 0x00007f48a04910a0 DEOPT PACKING pc=0x00007f48ebec465d sp=0x00007f48b21fe530
Event: 65.023 Thread 0x00007f48a04910a0 DEOPT UNPACKING pc=0x00007f48eb505325 sp=0x00007f48b21fda20 mode 0
Event: 65.098 Thread 0x00007f48a04910a0 DEOPT PACKING pc=0x00007f48ebec465d sp=0x00007f48b21fe530
Event: 65.098 Thread 0x00007f48a04910a0 DEOPT UNPACKING pc=0x00007f48eb505325 sp=0x00007f48b21fda20 mode 0
Event: 65.103 Thread 0x00007f48a04910a0 DEOPT PACKING pc=0x00007f48ebec465d sp=0x00007f48b21fe530
Event: 65.103 Thread 0x00007f48a04910a0 DEOPT UNPACKING pc=0x00007f48eb505325 sp=0x00007f48b21fda20 mode 0
Event: 65.109 Thread 0x00007f48a04910a0 DEOPT PACKING pc=0x00007f48ebec465d sp=0x00007f48b21fe530
Event: 65.109 Thread 0x00007f48a04910a0 DEOPT UNPACKING pc=0x00007f48eb505325 sp=0x00007f48b21fda20 mode 0
Event: 220.121 Thread 0x00007f49040b2230 Uncommon trap: trap_request=0xffffffed fr.pc=0x00007f48f3179e40 relative=0x0000000000000c60
Event: 220.121 Thread 0x00007f49040b2230 Uncommon trap: reason=null_assert_or_unreached0 action=reinterpret pc=0x00007f48f3179e40 method=java.io.DataOutputStream.writeUTF(Ljava/lang/String;Ljava/io/DataOutput;)I @ 59 jvmci
Event: 220.121 Thread 0x00007f49040b2230 DEOPT PACKING pc=0x00007f48f3179e40 sp=0x00007f48eb0caff0
Event: 220.121 Thread 0x00007f49040b2230 DEOPT UNPACKING pc=0x00007f48eb505325 sp=0x00007f48eb0ca440 mode 3
Event: 1282.443 Thread 0x00007f49043ba8b0 Uncommon trap: trap_request=0xffffffed fr.pc=0x00007f48f3148612 relative=0x0000000000000dd2
Event: 1282.443 Thread 0x00007f49043ba8b0 Uncommon trap: reason=null_assert_or_unreached0 action=reinterpret pc=0x00007f48f3148612 method=com.google.gson.stream.JsonReader.nextNonWhitespace(Z)I @ 312 jvmci
Event: 1282.443 Thread 0x00007f49043ba8b0 DEOPT PACKING pc=0x00007f48f3148612 sp=0x00007f48b19fdce0
Event: 1282.443 Thread 0x00007f49043ba8b0 DEOPT UNPACKING pc=0x00007f48eb505325 sp=0x00007f48b19fd0f8 mode 3
Event: 1286.060 Thread 0x00007f4878001130 Uncommon trap: trap_request=0xffffffcd fr.pc=0x00007f48f30eacae relative=0x0000000000000e6e
Event: 1286.060 Thread 0x00007f4878001130 Uncommon trap: reason=intrinsic_or_type_checked_inlining action=reinterpret pc=0x00007f48f30eacae method=java.io.DataOutputStream.write([BII)V @ 0 jvmci
Event: 1286.060 Thread 0x00007f4878001130 DEOPT PACKING pc=0x00007f48f30eacae sp=0x00007f48b17fe420
Event: 1286.060 Thread 0x00007f4878001130 DEOPT UNPACKING pc=0x00007f48eb505325 sp=0x00007f48b17fd7f8 mode 3

Classes unloaded (20 events):
Event: 70.857 Thread 0x00007f49040a1c30 Unloading class 0x0000000800d98400 'java/lang/invoke/LambdaForm$MH+0x0000000800d98400'
Event: 70.857 Thread 0x00007f49040a1c30 Unloading class 0x0000000800d98000 'jdk/internal/reflect/GeneratedConstructorAccessor3'
Event: 70.857 Thread 0x00007f49040a1c30 Unloading class 0x0000000800d06800 'java/lang/invoke/LambdaForm$MH+0x0000000800d06800'
Event: 70.857 Thread 0x00007f49040a1c30 Unloading class 0x0000000800d06000 'java/lang/invoke/LambdaForm$MH+0x0000000800d06000'
Event: 70.857 Thread 0x00007f49040a1c30 Unloading class 0x0000000800d05c00 'java/lang/invoke/LambdaForm$MH+0x0000000800d05c00'
Event: 70.857 Thread 0x00007f49040a1c30 Unloading class 0x0000000800d05800 'java/lang/invoke/LambdaForm$MH+0x0000000800d05800'
Event: 70.857 Thread 0x00007f49040a1c30 Unloading class 0x0000000800d05000 'java/lang/invoke/LambdaForm$MH+0x0000000800d05000'
Event: 70.857 Thread 0x00007f49040a1c30 Unloading class 0x0000000800d04c00 'java/lang/invoke/LambdaForm$MH+0x0000000800d04c00'
Event: 70.857 Thread 0x00007f49040a1c30 Unloading class 0x0000000800d04800 'java/lang/invoke/LambdaForm$MH+0x0000000800d04800'
Event: 70.857 Thread 0x00007f49040a1c30 Unloading class 0x0000000800d04000 'java/lang/invoke/LambdaForm$MH+0x0000000800d04000'
Event: 70.857 Thread 0x00007f49040a1c30 Unloading class 0x0000000800c1d000 'jdk/internal/reflect/GeneratedMethodAccessor5'
Event: 70.857 Thread 0x00007f49040a1c30 Unloading class 0x0000000800c1cc00 'jdk/internal/reflect/GeneratedMethodAccessor4'
Event: 70.857 Thread 0x00007f49040a1c30 Unloading class 0x0000000800c1c800 'jdk/internal/reflect/GeneratedMethodAccessor3'
Event: 70.857 Thread 0x00007f49040a1c30 Unloading class 0x0000000800c1c400 'jdk/internal/reflect/GeneratedMethodAccessor2'
Event: 70.857 Thread 0x00007f49040a1c30 Unloading class 0x0000000800c1c000 'jdk/internal/reflect/GeneratedMethodAccessor1'
Event: 70.857 Thread 0x00007f49040a1c30 Unloading class 0x0000000800c01c00 'java/lang/invoke/LambdaForm$DMH+0x0000000800c01c00'
Event: 1231.933 Thread 0x00007f49040a1c30 Unloading class 0x0000000800eed000 'jdk/internal/reflect/GeneratedSerializationConstructorAccessor6'
Event: 1231.933 Thread 0x00007f49040a1c30 Unloading class 0x00000008011b4400 'jdk/internal/reflect/GeneratedSerializationConstructorAccessor5'
Event: 1323.010 Thread 0x00007f49040a1c30 Unloading class 0x0000000800eec800 'jdk/internal/reflect/GeneratedSerializationConstructorAccessor7'
Event: 1372.993 Thread 0x00007f49040a1c30 Unloading class 0x0000000800d99000 'jdk/internal/reflect/GeneratedSerializationConstructorAccessor8'

Classes redefined (0 events):
No events

Internal exceptions (20 events):
Event: 34.234 Thread 0x00007f486c198050 Exception <a 'java/lang/NoSuchMethodError'{0x00000000f5910260}: 'void java.lang.invoke.DirectMethodHandle$Holder.invokeSpecial(java.lang.Object, java.lang.Object, int)'> (0x00000000f5910260) 
thrown [src/hotspot/share/interpreter/linkResolver.cpp, line 758]
Event: 34.823 Thread 0x00007f486c198050 Exception <a 'java/lang/NoSuchMethodError'{0x00000000f5743508}: 'int java.lang.invoke.DirectMethodHandle$Holder.invokeSpecialIFC(java.lang.Object, java.lang.Object, java.lang.Object, java.lang.Object)'> (0x00000000f5743508) 
thrown [src/hotspot/share/interpreter/linkResolver.cpp, line 758]
Event: 43.620 Thread 0x00007f48a04910a0 Implicit null exception at 0x00007f48f314f6b5 to 0x00007f48f314fbe1
Event: 48.910 Thread 0x00007f486c19ff90 Exception <a 'java/lang/ArrayIndexOutOfBoundsException'{0x00000000f62ce628}: Index 215 out of bounds for length 215> (0x00000000f62ce628) 
thrown [src/hotspot/share/interpreter/interpreterRuntime.cpp, line 428]
Event: 49.031 Thread 0x00007f486c19ff90 Exception <a 'java/lang/ArrayIndexOutOfBoundsException'{0x00000000f65bfc48}: Index 215 out of bounds for length 215> (0x00000000f65bfc48) 
thrown [src/hotspot/share/interpreter/interpreterRuntime.cpp, line 428]
Event: 49.599 Thread 0x00007f486c19c920 Exception <a 'java/lang/ArrayIndexOutOfBoundsException'{0x00000000f70cffe0}: Index 44 out of bounds for length 44> (0x00000000f70cffe0) 
thrown [src/hotspot/share/interpreter/interpreterRuntime.cpp, line 428]
Event: 50.492 Thread 0x00007f486c19c920 Exception <a 'java/lang/ArrayIndexOutOfBoundsException'{0x00000000f5f61d40}> (0x00000000f5f61d40) 
thrown [src/hotspot/share/runtime/sharedRuntime.cpp, line 628]
Event: 50.492 Thread 0x00007f486c19c920 Exception <a 'java/lang/ArrayIndexOutOfBoundsException'{0x00000000f5f62060}> (0x00000000f5f62060) 
thrown [src/hotspot/share/runtime/sharedRuntime.cpp, line 628]
Event: 50.492 Thread 0x00007f486c19c920 Exception <a 'java/lang/ArrayIndexOutOfBoundsException'{0x00000000f5f62380}: Index 1 out of bounds for length 1> (0x00000000f5f62380) 
thrown [src/hotspot/share/interpreter/interpreterRuntime.cpp, line 428]
Event: 50.492 Thread 0x00007f486c19c920 Exception <a 'java/lang/ArrayIndexOutOfBoundsException'{0x00000000f5f626a0}: Index 1 out of bounds for length 1> (0x00000000f5f626a0) 
thrown [src/hotspot/share/interpreter/interpreterRuntime.cpp, line 428]
Event: 50.492 Thread 0x00007f486c19c920 Exception <a 'java/lang/ArrayIndexOutOfBoundsException'{0x00000000f5f629c0}: Index 1 out of bounds for length 1> (0x00000000f5f629c0) 
thrown [src/hotspot/share/interpreter/interpreterRuntime.cpp, line 428]
Event: 50.492 Thread 0x00007f486c19c920 Exception <a 'java/lang/ArrayIndexOutOfBoundsException'{0x00000000f5f62ce0}> (0x00000000f5f62ce0) 
thrown [src/hotspot/share/runtime/sharedRuntime.cpp, line 628]
Event: 50.492 Thread 0x00007f486c19c920 Exception <a 'java/lang/ArrayIndexOutOfBoundsException'{0x00000000f5f63000}: Index 1 out of bounds for length 1> (0x00000000f5f63000) 
thrown [src/hotspot/share/interpreter/interpreterRuntime.cpp, line 428]
Event: 50.492 Thread 0x00007f486c19c920 Exception <a 'java/lang/ArrayIndexOutOfBoundsException'{0x00000000f5f63320}> (0x00000000f5f63320) 
thrown [src/hotspot/share/runtime/sharedRuntime.cpp, line 628]
Event: 50.492 Thread 0x00007f486c19c920 Exception <a 'java/lang/ArrayIndexOutOfBoundsException'{0x00000000f5f63640}> (0x00000000f5f63640) 
thrown [src/hotspot/share/runtime/sharedRuntime.cpp, line 628]
Event: 50.492 Thread 0x00007f486c19c920 Exception <a 'java/lang/ArrayIndexOutOfBoundsException'{0x00000000f5f63960}> (0x00000000f5f63960) 
thrown [src/hotspot/share/runtime/sharedRuntime.cpp, line 628]
Event: 220.121 Thread 0x00007f49040b2230 Implicit null exception at 0x00007f48f317931a to 0x00007f48f3179e25
Event: 1429.348 Thread 0x00007f4878001130 Exception <a 'java/lang/OutOfMemoryError'{0x00000000e00109d8}> (0x00000000e00109d8) 
thrown [src/hotspot/share/gc/shared/memAllocator.cpp, line 136]
Event: 1523.559 Thread 0x00007f4878001130 Exception <a 'java/lang/OutOfMemoryError'{0x00000000e0010ca8}> (0x00000000e0010ca8) 
thrown [src/hotspot/share/gc/shared/memAllocator.cpp, line 136]
Event: 1532.709 Thread 0x00007f49040b2230 Exception <a 'java/lang/OutOfMemoryError'{0x00000000e0011298}> (0x00000000e0011298) 
thrown [src/hotspot/share/gc/shared/memAllocator.cpp, line 136]

VM Operations (20 events):
Event: 1517.011 Executing VM operation: ParallelGCFailedAllocation
Event: 1518.317 Executing VM operation: ParallelGCFailedAllocation done
Event: 1518.318 Executing VM operation: ParallelGCFailedAllocation
Event: 1519.561 Executing VM operation: ParallelGCFailedAllocation done
Event: 1519.562 Executing VM operation: ParallelGCFailedAllocation
Event: 1520.858 Executing VM operation: ParallelGCFailedAllocation done
Event: 1520.864 Executing VM operation: ParallelGCFailedAllocation
Event: 1523.558 Executing VM operation: ParallelGCFailedAllocation done
Event: 1523.559 Executing VM operation: ParallelGCFailedAllocation
Event: 1524.991 Executing VM operation: ParallelGCFailedAllocation done
Event: 1524.991 Executing VM operation: ParallelGCFailedAllocation
Event: 1526.570 Executing VM operation: ParallelGCFailedAllocation done
Event: 1526.570 Executing VM operation: ParallelGCFailedAllocation
Event: 1527.847 Executing VM operation: ParallelGCFailedAllocation done
Event: 1527.847 Executing VM operation: ParallelGCFailedAllocation
Event: 1529.062 Executing VM operation: ParallelGCFailedAllocation done
Event: 1529.062 Executing VM operation: ParallelGCFailedAllocation
Event: 1530.145 Executing VM operation: ParallelGCFailedAllocation done
Event: 1530.145 Executing VM operation: ParallelGCFailedAllocation
Event: 1532.709 Executing VM operation: ParallelGCFailedAllocation done

Events (20 events):
Event: 302.863 Protecting memory [0x00007f48b1500000,0x00007f48b1504000] with protection modes 0
Event: 389.115 Thread 0x00007f486c198e70 Thread added: 0x00007f486c198e70
Event: 389.115 Protecting memory [0x00007f48b2a00000,0x00007f48b2a04000] with protection modes 0
Event: 425.329 Thread 0x00007f486c19e090 Thread exited: 0x00007f486c19e090
Event: 464.713 Thread 0x00007f486c199790 Thread exited: 0x00007f486c199790
Event: 565.145 Thread 0x00007f486c198e70 Thread exited: 0x00007f486c198e70
Event: 611.017 Thread 0x00007f486c19e090 Thread added: 0x00007f486c19e090
Event: 611.017 Protecting memory [0x00007f48b2a00000,0x00007f48b2a04000] with protection modes 0
Event: 644.907 Thread 0x00007f486c19c920 Thread exited: 0x00007f486c19c920
Event: 899.812 Thread 0x00007f4870000ff0 Thread added: 0x00007f4870000ff0
Event: 899.812 Protecting memory [0x00007f48b1500000,0x00007f48b1504000] with protection modes 0
Event: 903.411 Thread 0x00007f4870000ff0 Thread exited: 0x00007f4870000ff0
Event: 977.835 Thread 0x00007f486c19c920 Thread added: 0x00007f486c19c920
Event: 977.836 Protecting memory [0x00007f48b1500000,0x00007f48b1504000] with protection modes 0
Event: 1100.754 Thread 0x00007f486c199790 Thread added: 0x00007f486c199790
Event: 1100.754 Protecting memory [0x00007f48b1e00000,0x00007f48b1e04000] with protection modes 0
Event: 1210.013 Thread 0x00007f486c198e70 Thread added: 0x00007f486c198e70
Event: 1210.014 Protecting memory [0x00007f48b2500000,0x00007f48b2504000] with protection modes 0
Event: 1435.454 Thread 0x00007f4870000ff0 Thread added: 0x00007f4870000ff0
Event: 1435.454 Protecting memory [0x00007f48b2600000,0x00007f48b2604000] with protection modes 0


Dynamic libraries:
e0000000-f5580000 rw-p 00000000 00:00 0 
f5580000-fb980000 rw-p 00000000 00:00 0 
fb980000-100000000 ---p 00000000 00:00 0 
800000000-800449000 rw-p 00001000 00:cdb 4611686019135357769             /nix/store/gpxl5qgg8kicmcvivwmybwjlpf7wh20l-graalvm17-ce-22.3.0/lib/server/classes.jsa
800449000-800bc8000 r--p 0044a000 00:cdb 4611686019135357769             /nix/store/gpxl5qgg8kicmcvivwmybwjlpf7wh20l-graalvm17-ce-22.3.0/lib/server/classes.jsa
800bc8000-800c00000 ---p 00000000 00:00 0 
800c00000-800c20000 rw-p 00000000 00:00 0 
800c20000-800c40000 rw-p 00000000 00:00 0 
800c40000-800cc0000 rw-p 00000000 00:00 0 
800cc0000-800d00000 rw-p 00000000 00:00 0 
800d00000-800dc0000 rw-p 00000000 00:00 0 
800dc0000-800e00000 rw-p 00000000 00:00 0 
800e00000-800f40000 rw-p 00000000 00:00 0 
800f40000-800fc0000 rw-p 00000000 00:00 0 
800fc0000-801000000 rw-p 00000000 00:00 0 
801000000-8011c0000 rw-p 00000000 00:00 0 
8011c0000-840c00000 ---p 00000000 00:00 0 
5624daace000-5624daacf000 r-xp 00000000 00:cdb 4611686019099417844       /nix/store/gpxl5qgg8kicmcvivwmybwjlpf7wh20l-graalvm17-ce-22.3.0/bin/.java-wrapped
5624daad0000-5624daad1000 r--p 00001000 00:cdb 4611686019099417844       /nix/store/gpxl5qgg8kicmcvivwmybwjlpf7wh20l-graalvm17-ce-22.3.0/bin/.java-wrapped
5624daad1000-5624daad2000 rw-p 00002000 00:cdb 4611686019099417844       /nix/store/gpxl5qgg8kicmcvivwmybwjlpf7wh20l-graalvm17-ce-22.3.0/bin/.java-wrapped
5624daad2000-5624daad3000 rw-p 00004000 00:cdb 4611686019099417844       /nix/store/gpxl5qgg8kicmcvivwmybwjlpf7wh20l-graalvm17-ce-22.3.0/bin/.java-wrapped
5624daad3000-5624daad4000 rw-p 00005000 00:cdb 4611686019099417844       /nix/store/gpxl5qgg8kicmcvivwmybwjlpf7wh20l-graalvm17-ce-22.3.0/bin/.java-wrapped
5624dc508000-5624dc550000 rw-p 00000000 00:00 0                          [heap]
7f4844000000-7f4844021000 rw-p 00000000 00:00 0 
7f4844021000-7f4848000000 ---p 00000000 00:00 0 
7f4848000000-7f484803b000 rw-p 00000000 00:00 0 
7f484803b000-7f484c000000 ---p 00000000 00:00 0 
7f484c000000-7f484c021000 rw-p 00000000 00:00 0 
7f484c021000-7f4850000000 ---p 00000000 00:00 0 
7f4850000000-7f4850021000 rw-p 00000000 00:00 0 
7f4850021000-7f4854000000 ---p 00000000 00:00 0 
7f4854000000-7f485405b000 rw-p 00000000 00:00 0 
7f485405b000-7f4858000000 ---p 00000000 00:00 0 
7f4858400000-7f4858530000 rw-p 00000000 00:00 0 
7f4858530000-7f4858c00000 ---p 00000000 00:00 0 
7f4859c00000-7f485a400000 rw-p 00000000 00:00 0 
7f485a4b3000-7f4864000000 r--s 00000000 00:cdb 4611686019135192581       /nix/store/gpxl5qgg8kicmcvivwmybwjlpf7wh20l-graalvm17-ce-22.3.0/lib/modules
7f4864000000-7f486402b000 rw-p 00000000 00:00 0 
7f486402b000-7f4868000000 ---p 00000000 00:00 0 
7f4868000000-7f486806d000 rw-p 00000000 00:00 0 
7f486806d000-7f486c000000 ---p 00000000 00:00 0 
7f486c000000-7f486c1b1000 rw-p 00000000 00:00 0 
7f486c1b1000-7f4870000000 ---p 00000000 00:00 0 
7f4870000000-7f48700dc000 rw-p 00000000 00:00 0 
7f48700dc000-7f4874000000 ---p 00000000 00:00 0 
7f4874000000-7f4874021000 rw-p 00000000 00:00 0 
7f4874021000-7f4878000000 ---p 00000000 00:00 0 
7f4878000000-7f48780e3000 rw-p 00000000 00:00 0 
7f48780e3000-7f487c000000 ---p 00000000 00:00 0 
7f487c000000-7f487c064000 rw-p 00000000 00:00 0 
7f487c064000-7f4880000000 ---p 00000000 00:00 0 
7f4880000000-7f4880021000 rw-p 00000000 00:00 0 
7f4880021000-7f4884000000 ---p 00000000 00:00 0 
7f4884000000-7f4884045000 rw-p 00000000 00:00 0 
7f4884045000-7f4888000000 ---p 00000000 00:00 0 
7f4888000000-7f488832a000 rw-p 00000000 00:00 0 
7f488832a000-7f488c000000 ---p 00000000 00:00 0 
7f488c000000-7f488c292000 rw-p 00000000 00:00 0 
7f488c292000-7f4890000000 ---p 00000000 00:00 0 
7f4890000000-7f4890021000 rw-p 00000000 00:00 0 
7f4890021000-7f4894000000 ---p 00000000 00:00 0 
7f4894000000-7f4894025000 rw-p 00000000 00:00 0 
7f4894025000-7f4898000000 ---p 00000000 00:00 0 
7f4898000000-7f4898021000 rw-p 00000000 00:00 0 
7f4898021000-7f489c000000 ---p 00000000 00:00 0 
7f489c000000-7f489c021000 rw-p 00000000 00:00 0 
7f489c021000-7f48a0000000 ---p 00000000 00:00 0 
7f48a0000000-7f48a08c9000 rw-p 00000000 00:00 0 
7f48a08c9000-7f48a4000000 ---p 00000000 00:00 0 
7f48a4000000-7f48a4021000 rw-p 00000000 00:00 0 
7f48a4021000-7f48a8000000 ---p 00000000 00:00 0 
7f48a8800000-7f48a8980000 rw-p 00000000 00:00 0 
7f48a8980000-7f48a8a00000 rw-p 00000000 00:00 0 
7f48a8a00000-7f48a8d00000 rw-p 00000000 00:00 0 
7f48a8d00000-7f48a8de0000 rw-p 00000000 00:00 0 
7f48a8de0000-7f48a8e00000 ---p 00000000 00:00 0 
7f48a8e00000-7f48a9000000 rw-p 00000000 00:00 0 
7f48a9000000-7f48a90c0000 rw-p 00000000 00:00 0 
7f48a90c0000-7f48a9100000 rw-p 00000000 00:00 0 
7f48a9100000-7f48a92c0000 rw-p 00000000 00:00 0 
7f48a92c0000-7f48a9300000 rw-p 00000000 00:00 0 
7f48a9300000-7f48a9500000 rw-p 00000000 00:00 0 
7f48a9500000-7f48a9600000 rw-p 00000000 00:00 0 
7f48a9600000-7f48a9800000 rw-p 00000000 00:00 0 
7f48a9800000-7f48a9900000 rw-p 00000000 00:00 0 
7f48a9900000-7f48a9a00000 rw-p 00000000 00:00 0 
7f48a9a00000-7f48a9f80000 rw-p 00000000 00:00 0 
7f48a9f80000-7f48aa000000 rw-p 00000000 00:00 0 
7f48aa000000-7f48aa100000 rw-p 00000000 00:00 0 
7f48aa100000-7f48aa200000 rw-p 00000000 00:00 0 
7f48aa200000-7f48aa500000 rw-p 00000000 00:00 0 
7f48aa500000-7f48aa600000 rw-p 00000000 00:00 0 
7f48aa600000-7f48aa800000 rw-p 00000000 00:00 0 
7f48aba00000-7f48aba10000 r-xp 00000000 00:c0f 353                       /home/runner/.cache/jdt-language-server/config/org.eclipse.equinox.launcher/org.eclipse.equinox.launcher.gtk.linux.x86_64_1.2.400.v20211117-0650/eclipse_11600.so
7f48aba10000-7f48abc0f000 ---p 00010000 00:c0f 353                       /home/runner/.cache/jdt-language-server/config/org.eclipse.equinox.launcher/org.eclipse.equinox.launcher.gtk.linux.x86_64_1.2.400.v20211117-0650/eclipse_11600.so
7f48abc0f000-7f48abc10000 r--p 0000f000 00:c0f 353                       /home/runner/.cache/jdt-language-server/config/org.eclipse.equinox.launcher/org.eclipse.equinox.launcher.gtk.linux.x86_64_1.2.400.v20211117-0650/eclipse_11600.so
7f48abc10000-7f48abc11000 rw-p 00010000 00:c0f 353                       /home/runner/.cache/jdt-language-server/config/org.eclipse.equinox.launcher/org.eclipse.equinox.launcher.gtk.linux.x86_64_1.2.400.v20211117-0650/eclipse_11600.so
7f48ac000000-7f48ac021000 rw-p 00000000 00:00 0 
7f48ac021000-7f48b0000000 ---p 00000000 00:00 0 
7f48b0100000-7f48b0200000 ---p 00000000 00:00 0 
7f48b0200000-7f48b07af000 r--p 01122000 00:cdb 4611686019135190040       /nix/store/gpxl5qgg8kicmcvivwmybwjlpf7wh20l-graalvm17-ce-22.3.0/lib/libjvmcicompiler.so
7f48b07af000-7f48b0900000 r--p 00000000 00:00 0 
7f48b0900000-7f48b093d000 rw-p 00000000 00:00 0 
7f48b093d000-7f48b0e5d000 rw-p 0185f000 00:cdb 4611686019135190040       /nix/store/gpxl5qgg8kicmcvivwmybwjlpf7wh20l-graalvm17-ce-22.3.0/lib/libjvmcicompiler.so
7f48b0e5d000-7f48b1244000 r--p 01d7f000 00:cdb 4611686019135190040       /nix/store/gpxl5qgg8kicmcvivwmybwjlpf7wh20l-graalvm17-ce-22.3.0/lib/libjvmcicompiler.so
7f48b1300000-7f48b1304000 ---p 00000000 00:00 0 
7f48b1304000-7f48b1400000 rw-p 00000000 00:00 0 
7f48b1500000-7f48b1504000 ---p 00000000 00:00 0 
7f48b1504000-7f48b1600000 rw-p 00000000 00:00 0 
7f48b1700000-7f48b1704000 ---p 00000000 00:00 0 
7f48b1704000-7f48b1800000 rw-p 00000000 00:00 0 
7f48b1900000-7f48b1904000 ---p 00000000 00:00 0 
7f48b1904000-7f48b1a00000 rw-p 00000000 00:00 0 
7f48b1b00000-7f48b1b04000 ---p 00000000 00:00 0 
7f48b1b04000-7f48b1c00000 rw-p 00000000 00:00 0 
7f48b1d00000-7f48b1d04000 ---p 00000000 00:00 0 
7f48b1d04000-7f48b1e00000 rw-p 00000000 00:00 0 
7f48b1e00000-7f48b1e04000 ---p 00000000 00:00 0 
7f48b1e04000-7f48b1f00000 rw-p 00000000 00:00 0 
7f48b1f00000-7f48b1f04000 ---p 00000000 00:00 0 
7f48b1f04000-7f48b2000000 rw-p 00000000 00:00 0 
7f48b2100000-7f48b2104000 ---p 00000000 00:00 0 
7f48b2104000-7f48b2200000 rw-p 00000000 00:00 0 
7f48b2300000-7f48b2304000 ---p 00000000 00:00 0 
7f48b2304000-7f48b2400000 rw-p 00000000 00:00 0 
7f48b2400000-7f48b2404000 ---p 00000000 00:00 0 
7f48b2404000-7f48b2500000 rw-p 00000000 00:00 0 
7f48b2500000-7f48b2504000 ---p 00000000 00:00 0 
7f48b2504000-7f48b2600000 rw-p 00000000 00:00 0 
7f48b2600000-7f48b2604000 ---p 00000000 00:00 0 
7f48b2604000-7f48b2700000 rw-p 00000000 00:00 0 
7f48b2700000-7f48b2704000 ---p 00000000 00:00 0 
7f48b2704000-7f48b2800000 rw-p 00000000 00:00 0 
7f48b2900000-7f48b2904000 ---p 00000000 00:00 0 
7f48b2904000-7f48b2a00000 rw-p 00000000 00:00 0 
7f48b2a00000-7f48b2a04000 ---p 00000000 00:00 0 
7f48b2a04000-7f48b2b00000 rw-p 00000000 00:00 0 
7f48b2b00000-7f48b2b04000 ---p 00000000 00:00 0 
7f48b2b04000-7f48b2c00000 rw-p 00000000 00:00 0 
7f48b2d00000-7f48b2d04000 ---p 00000000 00:00 0 
7f48b2d04000-7f48b2e00000 rw-p 00000000 00:00 0 
7f48b3a68000-7f48b3f00000 rw-p 00000000 00:00 0 
7f48b4000000-7f48b4021000 rw-p 00000000 00:00 0 
7f48b4021000-7f48b8000000 ---p 00000000 00:00 0 
7f48b8000000-7f48b8021000 rw-p 00000000 00:00 0 
7f48b8021000-7f48bc000000 ---p 00000000 00:00 0 
7f48bc000000-7f48bc021000 rw-p 00000000 00:00 0 
7f48bc021000-7f48c0000000 ---p 00000000 00:00 0 
7f48c0000000-7f48c0021000 rw-p 00000000 00:00 0 
7f48c0021000-7f48c4000000 ---p 00000000 00:00 0 
7f48c4000000-7f48c40e9000 rw-p 00000000 00:00 0 
7f48c40e9000-7f48c8000000 ---p 00000000 00:00 0 
7f48c8000000-7f48c8b3e000 rw-p 00000000 00:00 0 
7f48c8b3e000-7f48cc000000 ---p 00000000 00:00 0 
7f48cc000000-7f48cc021000 rw-p 00000000 00:00 0 
7f48cc021000-7f48d0000000 ---p 00000000 00:00 0 
7f48d0000000-7f48d0021000 rw-p 00000000 00:00 0 
7f48d0021000-7f48d4000000 ---p 00000000 00:00 0 
7f48d4000000-7f48d4021000 rw-p 00000000 00:00 0 
7f48d4021000-7f48d8000000 ---p 00000000 00:00 0 
7f48d8000000-7f48d8021000 rw-p 00000000 00:00 0 
7f48d8021000-7f48dc000000 ---p 00000000 00:00 0 
7f48dc000000-7f48dc021000 rw-p 00000000 00:00 0 
7f48dc021000-7f48e0000000 ---p 00000000 00:00 0 
7f48e0000000-7f48e0021000 rw-p 00000000 00:00 0 
7f48e0021000-7f48e4000000 ---p 00000000 00:00 0 
7f48e4000000-7f48e4110000 rw-p 00000000 00:00 0 
7f48e4110000-7f48e8000000 ---p 00000000 00:00 0 
7f48e8100000-7f48e8104000 ---p 00000000 00:00 0 
7f48e8104000-7f48e8200000 rw-p 00000000 00:00 0 
7f48e8200000-7f48e8204000 ---p 00000000 00:00 0 
7f48e8204000-7f48e8300000 rw-p 00000000 00:00 0 
7f48e8300000-7f48e8304000 ---p 00000000 00:00 0 
7f48e8304000-7f48e8400000 rw-p 00000000 00:00 0 
7f48e8400000-7f48ea56a000 r-xp 00000000 00:cdb 4611686019135190040       /nix/store/gpxl5qgg8kicmcvivwmybwjlpf7wh20l-graalvm17-ce-22.3.0/lib/libjvmcicompiler.so
7f48ea56a000-7f48ea769000 ---p 0216a000 00:cdb 4611686019135190040       /nix/store/gpxl5qgg8kicmcvivwmybwjlpf7wh20l-graalvm17-ce-22.3.0/lib/libjvmcicompiler.so
7f48ea769000-7f48ea76a000 r--p 02169000 00:cdb 4611686019135190040       /nix/store/gpxl5qgg8kicmcvivwmybwjlpf7wh20l-graalvm17-ce-22.3.0/lib/libjvmcicompiler.so
7f48ea76a000-7f48ea76c000 rw-p 0216a000 00:cdb 4611686019135190040       /nix/store/gpxl5qgg8kicmcvivwmybwjlpf7wh20l-graalvm17-ce-22.3.0/lib/libjvmcicompiler.so
7f48ea76c000-7f48ea76d000 rw-p 00000000 00:00 0 
7f48ea76d000-7f48ea772000 rw-p 023c3000 00:cdb 4611686019135190040       /nix/store/gpxl5qgg8kicmcvivwmybwjlpf7wh20l-graalvm17-ce-22.3.0/lib/libjvmcicompiler.so
7f48ea7cb000-7f48ea7cf000 ---p 00000000 00:00 0 
7f48ea7cf000-7f48ea8cb000 rw-p 00000000 00:00 0 
7f48ea8cb000-7f48ea8cc000 ---p 00000000 00:00 0 
7f48ea8cc000-7f48ea9cd000 rw-p 00000000 00:00 0 
7f48ea9cd000-7f48ea9d1000 ---p 00000000 00:00 0 
7f48ea9d1000-7f48eaacd000 rw-p 00000000 00:00 0 
7f48eaacd000-7f48eaad1000 ---p 00000000 00:00 0 
7f48eaad1000-7f48eabcd000 rw-p 00000000 00:00 0 
7f48eabcd000-7f48eabd1000 ---p 00000000 00:00 0 
7f48eabd1000-7f48eaccd000 rw-p 00000000 00:00 0 
7f48eaccd000-7f48eacd1000 ---p 00000000 00:00 0 
7f48eacd1000-7f48eaecd000 rw-p 00000000 00:00 0 
7f48eaecd000-7f48eaed1000 ---p 00000000 00:00 0 
7f48eaed1000-7f48eb0cd000 rw-p 00000000 00:00 0 
7f48eb0cd000-7f48eb0d1000 ---p 00000000 00:00 0 
7f48eb0d1000-7f48eb1cd000 rw-p 00000000 00:00 0 
7f48eb1cd000-7f48eb4b3000 r--p 00000000 00:a1c 28444448                  /usr/lib/locale/locale-archive
7f48eb4b3000-7f48eb723000 rwxp 00000000 00:00 0 
7f48eb723000-7f48eba42000 ---p 00000000 00:00 0 
7f48eba42000-7f48ec8a2000 rwxp 00000000 00:00 0 
7f48ec8a2000-7f48f2f7a000 ---p 00000000 00:00 0 
7f48f2f7a000-7f48f31ea000 rwxp 00000000 00:00 0 
7f48f31ea000-7f48fa4b3000 ---p 00000000 00:00 0 
7f48fa4b3000-7f4904000000 r--s 00000000 00:cdb 4611686019135192581       /nix/store/gpxl5qgg8kicmcvivwmybwjlpf7wh20l-graalvm17-ce-22.3.0/lib/modules
7f4904000000-7f490460a000 rw-p 00000000 00:00 0 
7f490460a000-7f4908000000 ---p 00000000 00:00 0 
7f4908000000-7f4908004000 ---p 00000000 00:00 0 
7f4908004000-7f4908100000 rw-p 00000000 00:00 0 
7f4908100000-7f4908104000 ---p 00000000 00:00 0 
7f4908104000-7f4908200000 rw-p 00000000 00:00 0 
7f4908200000-7f4908204000 ---p 00000000 00:00 0 
7f4908204000-7f4908300000 rw-p 00000000 00:00 0 
7f4908300000-7f4908304000 ---p 00000000 00:00 0 
7f4908304000-7f4908800000 rw-p 00000000 00:00 0 
7f4908800000-7f4908b00000 rw-p 00000000 00:00 0 
7f4908b00000-7f4908c00000 rw-p 00000000 00:00 0 
7f4908c4f000-7f4908c51000 r-xp 00000000 00:cdb 4611686019135190017       /nix/store/gpxl5qgg8kicmcvivwmybwjlpf7wh20l-graalvm17-ce-22.3.0/lib/libextnet.so
7f4908c51000-7f4908c52000 r--p 00001000 00:cdb 4611686019135190017       /nix/store/gpxl5qgg8kicmcvivwmybwjlpf7wh20l-graalvm17-ce-22.3.0/lib/libextnet.so
7f4908c52000-7f4908c53000 rw-p 00002000 00:cdb 4611686019135190017       /nix/store/gpxl5qgg8kicmcvivwmybwjlpf7wh20l-graalvm17-ce-22.3.0/lib/libextnet.so
7f4908c53000-7f4908c54000 rw-p 00004000 00:cdb 4611686019135190017       /nix/store/gpxl5qgg8kicmcvivwmybwjlpf7wh20l-graalvm17-ce-22.3.0/lib/libextnet.so
7f4908c54000-7f4908c58000 ---p 00000000 00:00 0 
7f4908c58000-7f4908c76000 rw-p 00000000 00:00 0 
7f4908c76000-7f4908c7d000 r-xp 00000000 00:cdb 4611686019135192580       /nix/store/gpxl5qgg8kicmcvivwmybwjlpf7wh20l-graalvm17-ce-22.3.0/lib/libzip.so
7f4908c7d000-7f4908c7e000 ---p 00007000 00:cdb 4611686019135192580       /nix/store/gpxl5qgg8kicmcvivwmybwjlpf7wh20l-graalvm17-ce-22.3.0/lib/libzip.so
7f4908c7e000-7f4908c7f000 r--p 00007000 00:cdb 4611686019135192580       /nix/store/gpxl5qgg8kicmcvivwmybwjlpf7wh20l-graalvm17-ce-22.3.0/lib/libzip.so
7f4908c7f000-7f4908c80000 rw-p 00008000 00:cdb 4611686019135192580       /nix/store/gpxl5qgg8kicmcvivwmybwjlpf7wh20l-graalvm17-ce-22.3.0/lib/libzip.so
7f4908c80000-7f4908c82000 rw-p 0000b000 00:cdb 4611686019135192580       /nix/store/gpxl5qgg8kicmcvivwmybwjlpf7wh20l-graalvm17-ce-22.3.0/lib/libzip.so
7f4908c82000-7f4908c97000 r-xp 00000000 00:cdb 4611686019135192570       /nix/store/gpxl5qgg8kicmcvivwmybwjlpf7wh20l-graalvm17-ce-22.3.0/lib/libnet.so
7f4908c97000-7f4908c98000 ---p 00015000 00:cdb 4611686019135192570       /nix/store/gpxl5qgg8kicmcvivwmybwjlpf7wh20l-graalvm17-ce-22.3.0/lib/libnet.so
7f4908c98000-7f4908c99000 r--p 00015000 00:cdb 4611686019135192570       /nix/store/gpxl5qgg8kicmcvivwmybwjlpf7wh20l-graalvm17-ce-22.3.0/lib/libnet.so
7f4908c99000-7f4908c9a000 rw-p 00016000 00:cdb 4611686019135192570       /nix/store/gpxl5qgg8kicmcvivwmybwjlpf7wh20l-graalvm17-ce-22.3.0/lib/libnet.so
7f4908c9a000-7f4908c9d000 rw-p 0001b000 00:cdb 4611686019135192570       /nix/store/gpxl5qgg8kicmcvivwmybwjlpf7wh20l-graalvm17-ce-22.3.0/lib/libnet.so
7f4908c9d000-7f4908cb0000 r-xp 00000000 00:cdb 4611686019135192571       /nix/store/gpxl5qgg8kicmcvivwmybwjlpf7wh20l-graalvm17-ce-22.3.0/lib/libnio.so
7f4908cb0000-7f4908cb1000 r--p 00012000 00:cdb 4611686019135192571       /nix/store/gpxl5qgg8kicmcvivwmybwjlpf7wh20l-graalvm17-ce-22.3.0/lib/libnio.so
7f4908cb1000-7f4908cb2000 rw-p 00013000 00:cdb 4611686019135192571       /nix/store/gpxl5qgg8kicmcvivwmybwjlpf7wh20l-graalvm17-ce-22.3.0/lib/libnio.so
7f4908cb2000-7f4908cb7000 rw-p 00019000 00:cdb 4611686019135192571       /nix/store/gpxl5qgg8kicmcvivwmybwjlpf7wh20l-graalvm17-ce-22.3.0/lib/libnio.so
7f4908cb7000-7f4908cb8000 ---p 00000000 00:00 0 
7f4908cb8000-7f4908db9000 rw-p 00000000 00:00 0 
7f4908db9000-7f4908e87000 r-xp 00000000 00:cdb 4611686019135190036       /nix/store/gpxl5qgg8kicmcvivwmybwjlpf7wh20l-graalvm17-ce-22.3.0/lib/libjsvml.so
7f4908e87000-7f4908e88000 r--p 000cd000 00:cdb 4611686019135190036       /nix/store/gpxl5qgg8kicmcvivwmybwjlpf7wh20l-graalvm17-ce-22.3.0/lib/libjsvml.so
7f4908e88000-7f4908e89000 rw-p 000ce000 00:cdb 4611686019135190036       /nix/store/gpxl5qgg8kicmcvivwmybwjlpf7wh20l-graalvm17-ce-22.3.0/lib/libjsvml.so
7f4908e89000-7f490a761000 rw-p 00000000 00:00 0 
7f490a761000-7f490a762000 ---p 00000000 00:00 0 
7f490a762000-7f490a90d000 rw-p 00000000 00:00 0 
7f490a90d000-7f490a940000 rw-p 00000000 00:00 0 
7f490a940000-7f490a963000 ---p 00000000 00:00 0 
7f490a963000-7f490a969000 rw-p 00000000 00:00 0 
7f490a969000-7f490aa4f000 ---p 00000000 00:00 0 
7f490aa4f000-7f490aa6c000 rw-p 00000000 00:00 0 
7f490aa6c000-7f490ab3a000 ---p 00000000 00:00 0 
7f490ab3a000-7f490ab3f000 rw-p 00000000 00:00 0 
7f490ab3f000-7f490ab46000 ---p 00000000 00:00 0 
7f490ab46000-7f490ab6a000 r-xp 00000000 00:cdb 4611686019135190028       /nix/store/gpxl5qgg8kicmcvivwmybwjlpf7wh20l-graalvm17-ce-22.3.0/lib/libjava.so
7f490ab6a000-7f490ab6b000 ---p 00024000 00:cdb 4611686019135190028       /nix/store/gpxl5qgg8kicmcvivwmybwjlpf7wh20l-graalvm17-ce-22.3.0/lib/libjava.so
7f490ab6b000-7f490ab6c000 r--p 00024000 00:cdb 4611686019135190028       /nix/store/gpxl5qgg8kicmcvivwmybwjlpf7wh20l-graalvm17-ce-22.3.0/lib/libjava.so
7f490ab6c000-7f490ab6d000 rw-p 00025000 00:cdb 4611686019135190028       /nix/store/gpxl5qgg8kicmcvivwmybwjlpf7wh20l-graalvm17-ce-22.3.0/lib/libjava.so
7f490ab6d000-7f490ab6e000 rw-p 00000000 00:00 0 
7f490ab6e000-7f490ab75000 rw-p 0002f000 00:cdb 4611686019135190028       /nix/store/gpxl5qgg8kicmcvivwmybwjlpf7wh20l-graalvm17-ce-22.3.0/lib/libjava.so
7f490ab75000-7f490ab7d000 rw-s 00000000 00:821 350                       /tmp/hsperfdata_runner/31
7f490ab7d000-7f490ab7e000 ---p 00000000 00:00 0 
7f490ab7e000-7f490ab7f000 r--p 00000000 00:00 0 
7f490ab7f000-7f490ab80000 rwxp 00000000 00:00 0 
7f490ab80000-7f490ab9b000 r-xp 00000000 00:cdb 4611686019135190032       /nix/store/gpxl5qgg8kicmcvivwmybwjlpf7wh20l-graalvm17-ce-22.3.0/lib/libjimage.so
7f490ab9b000-7f490ab9c000 ---p 0001b000 00:cdb 4611686019135190032       /nix/store/gpxl5qgg8kicmcvivwmybwjlpf7wh20l-graalvm17-ce-22.3.0/lib/libjimage.so
7f490ab9c000-7f490ab9e000 r--p 0001b000 00:cdb 4611686019135190032       /nix/store/gpxl5qgg8kicmcvivwmybwjlpf7wh20l-graalvm17-ce-22.3.0/lib/libjimage.so
7f490ab9e000-7f490ab9f000 rw-p 0001d000 00:cdb 4611686019135190032       /nix/store/gpxl5qgg8kicmcvivwmybwjlpf7wh20l-graalvm17-ce-22.3.0/lib/libjimage.so
7f490ab9f000-7f490aba0000 rw-p 00024000 00:cdb 4611686019135190032       /nix/store/gpxl5qgg8kicmcvivwmybwjlpf7wh20l-graalvm17-ce-22.3.0/lib/libjimage.so
7f490aba0000-7f490aba4000 ---p 00000000 00:00 0 
7f490aba4000-7f490aca0000 rw-p 00000000 00:00 0 
7f490aca0000-7f490acae000 r--p 00000000 00:cdb 4611686019027979927       /nix/store/4nlgxhb09sdr51nc9hdm8az5b08vzkgx-glibc-2.35-163/lib/libm.so.6
7f490acae000-7f490ad21000 r-xp 0000e000 00:cdb 4611686019027979927       /nix/store/4nlgxhb09sdr51nc9hdm8az5b08vzkgx-glibc-2.35-163/lib/libm.so.6
7f490ad21000-7f490ad7e000 r--p 00081000 00:cdb 4611686019027979927       /nix/store/4nlgxhb09sdr51nc9hdm8az5b08vzkgx-glibc-2.35-163/lib/libm.so.6
7f490ad7e000-7f490ad7f000 r--p 000dd000 00:cdb 4611686019027979927       /nix/store/4nlgxhb09sdr51nc9hdm8az5b08vzkgx-glibc-2.35-163/lib/libm.so.6
7f490ad7f000-7f490ad80000 rw-p 000de000 00:cdb 4611686019027979927       /nix/store/4nlgxhb09sdr51nc9hdm8az5b08vzkgx-glibc-2.35-163/lib/libm.so.6
7f490ad80000-7f490ad81000 r--p 00000000 00:cdb 4611686019027979946       /nix/store/4nlgxhb09sdr51nc9hdm8az5b08vzkgx-glibc-2.35-163/lib/librt.so.1
7f490ad81000-7f490ad82000 r-xp 00001000 00:cdb 4611686019027979946       /nix/store/4nlgxhb09sdr51nc9hdm8az5b08vzkgx-glibc-2.35-163/lib/librt.so.1
7f490ad82000-7f490ad83000 r--p 00002000 00:cdb 4611686019027979946       /nix/store/4nlgxhb09sdr51nc9hdm8az5b08vzkgx-glibc-2.35-163/lib/librt.so.1
7f490ad83000-7f490ad84000 r--p 00002000 00:cdb 4611686019027979946       /nix/store/4nlgxhb09sdr51nc9hdm8az5b08vzkgx-glibc-2.35-163/lib/librt.so.1
7f490ad84000-7f490ad85000 rw-p 00003000 00:cdb 4611686019027979946       /nix/store/4nlgxhb09sdr51nc9hdm8az5b08vzkgx-glibc-2.35-163/lib/librt.so.1
7f490ad85000-7f490be98000 r-xp 00000000 00:cdb 4611686019135360866       /nix/store/gpxl5qgg8kicmcvivwmybwjlpf7wh20l-graalvm17-ce-22.3.0/lib/server/libjvm.so
7f490be98000-7f490be99000 ---p 01113000 00:cdb 4611686019135360866       /nix/store/gpxl5qgg8kicmcvivwmybwjlpf7wh20l-graalvm17-ce-22.3.0/lib/server/libjvm.so
7f490be99000-7f490bf4e000 r--p 01113000 00:cdb 4611686019135360866       /nix/store/gpxl5qgg8kicmcvivwmybwjlpf7wh20l-graalvm17-ce-22.3.0/lib/server/libjvm.so
7f490bf4e000-7f490bf82000 rw-p 011c8000 00:cdb 4611686019135360866       /nix/store/gpxl5qgg8kicmcvivwmybwjlpf7wh20l-graalvm17-ce-22.3.0/lib/server/libjvm.so
7f490bf82000-7f490bfde000 rw-p 00000000 00:00 0 
7f490bfde000-7f490c006000 r--p 00000000 00:cdb 4611686019027979918       /nix/store/4nlgxhb09sdr51nc9hdm8az5b08vzkgx-glibc-2.35-163/lib/libc.so.6
7f490c006000-7f490c17c000 r-xp 00028000 00:cdb 4611686019027979918       /nix/store/4nlgxhb09sdr51nc9hdm8az5b08vzkgx-glibc-2.35-163/lib/libc.so.6
7f490c17c000-7f490c1d4000 r--p 0019e000 00:cdb 4611686019027979918       /nix/store/4nlgxhb09sdr51nc9hdm8az5b08vzkgx-glibc-2.35-163/lib/libc.so.6
7f490c1d4000-7f490c1d8000 r--p 001f6000 00:cdb 4611686019027979918       /nix/store/4nlgxhb09sdr51nc9hdm8az5b08vzkgx-glibc-2.35-163/lib/libc.so.6
7f490c1d8000-7f490c1da000 rw-p 001fa000 00:cdb 4611686019027979918       /nix/store/4nlgxhb09sdr51nc9hdm8az5b08vzkgx-glibc-2.35-163/lib/libc.so.6
7f490c1da000-7f490c1e9000 rw-p 00000000 00:00 0 
7f490c1e9000-7f490c1ea000 r--p 00000000 00:cdb 4611686019027979923       /nix/store/4nlgxhb09sdr51nc9hdm8az5b08vzkgx-glibc-2.35-163/lib/libdl.so.2
7f490c1ea000-7f490c1eb000 r-xp 00001000 00:cdb 4611686019027979923       /nix/store/4nlgxhb09sdr51nc9hdm8az5b08vzkgx-glibc-2.35-163/lib/libdl.so.2
7f490c1eb000-7f490c1ec000 r--p 00002000 00:cdb 4611686019027979923       /nix/store/4nlgxhb09sdr51nc9hdm8az5b08vzkgx-glibc-2.35-163/lib/libdl.so.2
7f490c1ec000-7f490c1ed000 r--p 00002000 00:cdb 4611686019027979923       /nix/store/4nlgxhb09sdr51nc9hdm8az5b08vzkgx-glibc-2.35-163/lib/libdl.so.2
7f490c1ed000-7f490c1ee000 rw-p 00003000 00:cdb 4611686019027979923       /nix/store/4nlgxhb09sdr51nc9hdm8az5b08vzkgx-glibc-2.35-163/lib/libdl.so.2
7f490c1ee000-7f490c1ef000 r--p 00000000 00:cdb 4611686019027979942       /nix/store/4nlgxhb09sdr51nc9hdm8az5b08vzkgx-glibc-2.35-163/lib/libpthread.so.0
7f490c1ef000-7f490c1f0000 r-xp 00001000 00:cdb 4611686019027979942       /nix/store/4nlgxhb09sdr51nc9hdm8az5b08vzkgx-glibc-2.35-163/lib/libpthread.so.0
7f490c1f0000-7f490c1f1000 r--p 00002000 00:cdb 4611686019027979942       /nix/store/4nlgxhb09sdr51nc9hdm8az5b08vzkgx-glibc-2.35-163/lib/libpthread.so.0
7f490c1f1000-7f490c1f2000 r--p 00002000 00:cdb 4611686019027979942       /nix/store/4nlgxhb09sdr51nc9hdm8az5b08vzkgx-glibc-2.35-163/lib/libpthread.so.0
7f490c1f2000-7f490c1f3000 rw-p 00003000 00:cdb 4611686019027979942       /nix/store/4nlgxhb09sdr51nc9hdm8az5b08vzkgx-glibc-2.35-163/lib/libpthread.so.0
7f490c1f3000-7f490c201000 r-xp 00000000 00:cdb 4611686019135190033       /nix/store/gpxl5qgg8kicmcvivwmybwjlpf7wh20l-graalvm17-ce-22.3.0/lib/libjli.so
7f490c201000-7f490c202000 ---p 0000e000 00:cdb 4611686019135190033       /nix/store/gpxl5qgg8kicmcvivwmybwjlpf7wh20l-graalvm17-ce-22.3.0/lib/libjli.so
7f490c202000-7f490c203000 r--p 0000e000 00:cdb 4611686019135190033       /nix/store/gpxl5qgg8kicmcvivwmybwjlpf7wh20l-graalvm17-ce-22.3.0/lib/libjli.so
7f490c203000-7f490c204000 rw-p 0000f000 00:cdb 4611686019135190033       /nix/store/gpxl5qgg8kicmcvivwmybwjlpf7wh20l-graalvm17-ce-22.3.0/lib/libjli.so
7f490c204000-7f490c205000 rw-p 00012000 00:cdb 4611686019135190033       /nix/store/gpxl5qgg8kicmcvivwmybwjlpf7wh20l-graalvm17-ce-22.3.0/lib/libjli.so
7f490c205000-7f490c208000 r--p 00000000 00:cdb 4611686019106210071       /nix/store/026hln0aq1hyshaxsdvhg0kmcm6yf45r-zlib-1.2.13/lib/libz.so.1.2.13
7f490c208000-7f490c21a000 r-xp 00003000 00:cdb 4611686019106210071       /nix/store/026hln0aq1hyshaxsdvhg0kmcm6yf45r-zlib-1.2.13/lib/libz.so.1.2.13
7f490c21a000-7f490c221000 r--p 00015000 00:cdb 4611686019106210071       /nix/store/026hln0aq1hyshaxsdvhg0kmcm6yf45r-zlib-1.2.13/lib/libz.so.1.2.13
7f490c221000-7f490c222000 r--p 0001b000 00:cdb 4611686019106210071       /nix/store/026hln0aq1hyshaxsdvhg0kmcm6yf45r-zlib-1.2.13/lib/libz.so.1.2.13
7f490c222000-7f490c223000 rw-p 0001c000 00:cdb 4611686019106210071       /nix/store/026hln0aq1hyshaxsdvhg0kmcm6yf45r-zlib-1.2.13/lib/libz.so.1.2.13
7f490c223000-7f490c225000 rw-p 00000000 00:00 0 
7f490c225000-7f490c227000 r--p 00000000 00:cdb 4611686019027979912       /nix/store/4nlgxhb09sdr51nc9hdm8az5b08vzkgx-glibc-2.35-163/lib/ld-linux-x86-64.so.2
7f490c227000-7f490c24e000 r-xp 00002000 00:cdb 4611686019027979912       /nix/store/4nlgxhb09sdr51nc9hdm8az5b08vzkgx-glibc-2.35-163/lib/ld-linux-x86-64.so.2
7f490c24e000-7f490c25a000 r--p 00029000 00:cdb 4611686019027979912       /nix/store/4nlgxhb09sdr51nc9hdm8az5b08vzkgx-glibc-2.35-163/lib/ld-linux-x86-64.so.2
7f490c25a000-7f490c25c000 r--p 00034000 00:cdb 4611686019027979912       /nix/store/4nlgxhb09sdr51nc9hdm8az5b08vzkgx-glibc-2.35-163/lib/ld-linux-x86-64.so.2
7f490c25c000-7f490c25e000 rw-p 00036000 00:cdb 4611686019027979912       /nix/store/4nlgxhb09sdr51nc9hdm8az5b08vzkgx-glibc-2.35-163/lib/ld-linux-x86-64.so.2
7ffe5b3f0000-7ffe5b414000 rw-p 00000000 00:00 0                          [stack]
7ffe5b43b000-7ffe5b43f000 r--p 00000000 00:00 0                          [vvar]
7ffe5b43f000-7ffe5b441000 r-xp 00000000 00:00 0                          [vdso]
ffffffffff600000-ffffffffff601000 --xp 00000000 00:00 0                  [vsyscall]


VM Arguments:
jvm_args: -XX:ThreadPriorityPolicy=1 -XX:+UnlockExperimentalVMOptions -XX:+EnableJVMCIProduct -XX:JVMCIThreadsPerNativeLibraryRuntime=1 -XX:-UnlockExperimentalVMOptions -Declipse.application=org.eclipse.jdt.ls.core.id1 -Dosgi.bundles.defaultStartLevel=4 -Declipse.product=org.eclipse.jdt.ls.core.product -Dlog.level=ALL -Xverify:none -XX:+UseParallelGC -XX:GCTimeRatio=4 -XX:AdaptiveSizePolicyWeight=90 -Dsun.zip.disableMemoryMapping=true -Xmx512m -Xms100m 
java_command: /nix/store/m6gcpi1ii6rghy04cjwjddcavv7i90df-jdt-language-server-1.9.0/share/java/plugins/org.eclipse.equinox.launcher_1.6.400.v20210924-0641.jar --add-modules=ALL-SYSTEM --add-opens java.base/java.util=ALL-UNNAMED --add-opens java.base/java.lang=ALL-UNNAMED -configuration /home/runner/.cache/jdt-language-server/config -data /home/runner/.cache/jdt-language-server/data/home/runner/cohort-3-prework-cooperl88
java_class_path (initial): /nix/store/m6gcpi1ii6rghy04cjwjddcavv7i90df-jdt-language-server-1.9.0/share/java/plugins/org.eclipse.equinox.launcher_1.6.400.v20210924-0641.jar
Launcher Type: SUN_STANDARD

[Global flags]
    uintx AdaptiveSizePolicyWeight                 = 90                                        {product} {command line}
     intx CICompilerCount                          = 2                                         {product} {ergonomic}
     bool EnableJVMCIProduct                       = true                                {JVMCI product} {jimage}
    uintx GCTimeRatio                              = 4                                         {product} {command line}
   size_t InitialHeapSize                          = 104857600                                 {product} {command line}
     uint JVMCIThreadsPerNativeLibraryRuntime      = 1                                   {JVMCI product} {jimage}
   size_t MaxHeapSize                              = 536870912                                 {product} {command line}
   size_t MaxNewSize                               = 178782208                                 {product} {ergonomic}
   size_t MinHeapDeltaBytes                        = 524288                                    {product} {ergonomic}
   size_t MinHeapSize                              = 104857600                                 {product} {command line}
   size_t NewSize                                  = 34603008                                  {product} {ergonomic}
    uintx NonNMethodCodeHeapSize                   = 5826188                                {pd product} {ergonomic}
    uintx NonProfiledCodeHeapSize                  = 122916026                              {pd product} {ergonomic}
   size_t OldSize                                  = 70254592                                  {product} {ergonomic}
    uintx ProfiledCodeHeapSize                     = 122916026                              {pd product} {ergonomic}
    uintx ReservedCodeCacheSize                    = 251658240                              {pd product} {ergonomic}
     bool SegmentedCodeCache                       = true                                      {product} {ergonomic}
   size_t SoftMaxHeapSize                          = 536870912                              {manageable} {ergonomic}
     intx ThreadPriorityPolicy                     = 1                                         {product} {jimage}
     bool UseCompressedClassPointers               = true                           {product lp64_product} {ergonomic}
     bool UseCompressedOops                        = true                           {product lp64_product} {ergonomic}
     bool UseParallelGC                            = true                                      {product} {command line}

Logging:
Log output configuration:
 #0: stdout all=warning uptime,level,tags
 #1: stderr all=off uptime,level,tags

Environment Variables:
JAVA_HOME=/nix/store/gpxl5qgg8kicmcvivwmybwjlpf7wh20l-graalvm17-ce-22.3.0
PATH=/nix/store/1d6ian3r8kdzspw8hacjhl3xkp40g1lj-binutils-wrapper-2.39/bin:/nix/store/dq0xwmsk1g0i2ayg6pb7y87na2knzylh-gcc-wrapper-11.3.0/bin:/nix/store/bap4d0lpcrhpwmpb8ayjcgkmvfj62lnq-bash-interactive-5.1-p16/bin:/nix/store/pr5n59mb4jzmfx6kanwxly0l07p861fg-patchelf-0.15.0/bin:/nix/store/1gf2flfqnpqbr1b4p4qz2f72y42bs56r-gcc-11.3.0/bin:/nix/store/57xv61c5zi8pphjbcwxxjlgc34p61ic9-glibc-2.35-163-bin/bin:/nix/store/a7gvj343m05j2s32xcnwr35v31ynlypr-coreutils-9.1/bin:/nix/store/039g378vc3pc3dvi9dzdlrd0i4q93qwf-binutils-2.39/bin:/nix/store/gpxl5qgg8kicmcvivwmybwjlpf7wh20l-graalvm17-ce-22.3.0/bin:/nix/store/6z9ag3ihc8mq2hzsw48lhbznvzny65nz-apache-maven-3.8.6/bin:/nix/store/m6gcpi1ii6rghy04cjwjddcavv7i90df-jdt-language-server-1.9.0/bin:/nix/store/84xs5alhs01zrbr4ywm05kxbjbp5590l-java-debug/bin:/nix/store/mydc6f4k2z73xlcz7ilif3v2lcaiqvza-findutils-4.9.0/bin:/nix/store/j9p3g8472iijd50vhdprx0nmk2fqn5gv-diffutils-3.8/bin:/nix/store/89zs7rms6x00xfq4dq6m7mjnhkr8a6r4-gnused-4.8/bin:/nix/store/86bp03jkmsl6f92w0yzg4s59g5mhxwmy-gnugrep-3.7/bin:/nix/store/hwcdqw4jrjnd37wxqgsd47hd0j8bnj09-gawk-5.1.1/bin:/nix/store/cfbhw8r8ags41vwqaz47r583d0p4h4a1-gnutar-1.34/bin:/nix/store/p3m1ndl1lapwrlh698bnb5lvvxh67378-gzip-1.12/bin:/nix/store/a8mhcagrsly7c7mpjrpsnaahk4aax056-bzip2-1.0.8-bin/bin:/nix/store/mblgz65m3zv9x548a3d5m96fj2pbwr09-gnumake-4.3/bin:/nix/store/dsd5gz46hdbdk2rfdimqddhq6m8m8fqs-bash-5.1-p16/bin:/nix/store/v7ljksji50mg3w61dykaa3n3y79n6nil-patch-2.7.6/bin:/nix/store/zlcnmqq14jz5x9439jf937mvayyl63da-xz-5.2.7-bin/bin:/nix/store/y6aj732zm9m87c82fpvf103a1xb22blp-file-5.43/bin:/nix/store/sgqd0ajghcv2axfl1lad0b1alyavp0dc-prybar-elisp-0.0.0-67f7a00/bin:/nix/store/p3hsvljpgs68jqwar41lc0jqhjj734lf-prybar-lua-0.0.0-67f7a00/bin:/nix/store/qzxs2gybds3s9kb1vkaflpgm2nwr85fh-prybar-python3-0.0.0-67f7a00/bin:/nix/store/km94z9mxp8w4m8gxxp5mbfpdf3nkfvd8-prybar-sqlite-0.0.0-67f7a00/bin:/nix/store/2pnc7b76asw0z59c4l6h6qy8arwqrii1-prybar-tcl-0.0.0-67f7a00/bin:/nix/store/hpbvrlwd5viqmvcaisb3x0118i913a9n-st
LD_LIBRARY_PATH=/nix/store/a4pff549sk2idnkpzk5nsfps3mdkdnvm-cups-2.4.2-lib/lib:/nix/store/72mqxxhh3cy5yifh92wh2yb8cl2hikyy-cairo-1.16.0/lib:/nix/store/2k366jrbsra97gjfxwvrhvixjfxdach5-glib-2.74.1/lib:/nix/store/2j2znigd8ak37rlwh9khz0ry3clqlw1l-gtk+3-3.24.34/lib:/nix/store/hisqvx32cd57apbpcsnkpx6k3549wql1-libglvnd-1.4.0/lib:/nix/store/p36pgcv991mq5srvg765b78yqpxvk3qs-mesa-21.3.3-drivers/lib:/nix/store/mav4251if1ahjq5vkpwycyyvnmy459c4-pulseaudio-14.2/lib
DISPLAY=:0
LANG=en_US.UTF-8

Signal Handlers:
   SIGSEGV: crash_handler in libjvm.so, mask=11100100010111111101111111111110, flags=SA_RESTART|SA_SIGINFO
    SIGBUS: crash_handler in libjvm.so, mask=11100100010111111101111111111110, flags=SA_RESTART|SA_SIGINFO
    SIGFPE: crash_handler in libjvm.so, mask=11100100010111111101111111111110, flags=SA_RESTART|SA_SIGINFO
   SIGPIPE: IsolateEnterStub_IgnoreSIGPIPEStartupHook_noopSignalHandler_8f19bff2f35b5f630d83b364d6b2339320d4ec70_216e8361c6bc87a8f89f58cc10d3b2fd4415bf87 in libjvmcicompiler.so, mask=00000000000000000000000000000000, flags=SA_RESTART
  *** Handler was modified!
  *** Expected: javaSignalHandler in libjvm.so, mask=11100100110111111111111111111110, flags=SA_RESTART|SA_SIGINFO
   SIGXFSZ: javaSignalHandler in libjvm.so, mask=11100100010111111101111111111110, flags=SA_RESTART|SA_SIGINFO
    SIGILL: crash_handler in libjvm.so, mask=11100100010111111101111111111110, flags=SA_RESTART|SA_SIGINFO
   SIGUSR2: SR_handler in libjvm.so, mask=00000000000000000000000000000000, flags=SA_RESTART|SA_SIGINFO
    SIGHUP: UserHandler in libjvm.so, mask=11100100010111111101111111111110, flags=SA_RESTART|SA_SIGINFO
    SIGINT: UserHandler in libjvm.so, mask=11100100010111111101111111111110, flags=SA_RESTART|SA_SIGINFO
   SIGTERM: UserHandler in libjvm.so, mask=11100100010111111101111111111110, flags=SA_RESTART|SA_SIGINFO
   SIGQUIT: UserHandler in libjvm.so, mask=11100100010111111101111111111110, flags=SA_RESTART|SA_SIGINFO
  *** Handler was modified!
  *** Expected: javaSignalHandler in libjvm.so, mask=11100100110111111111111111111110, flags=SA_RESTART|SA_SIGINFO
   SIGTRAP: crash_handler in libjvm.so, mask=11100100010111111101111111111110, flags=SA_RESTART|SA_SIGINFO


---------------  S Y S T E M  ---------------

OS:
DISTRIB_ID=Ubuntu
DISTRIB_RELEASE=20.04
DISTRIB_CODENAME=focal
DISTRIB_DESCRIPTION="Ubuntu 20.04.2 LTS"
uname: Linux 5.15.0-1030-gcp #37~20.04.1-Ubuntu SMP Mon Feb 20 04:30:57 UTC 2023 x86_64
OS uptime: 0 days 4:04 hours
libc: glibc 2.35 NPTL 2.35 
rlimit (soft/hard): STACK 8192k/infinity , CORE infinity/infinity , NPROC infinity/infinity , NOFILE 5242/5242 , AS infinity/infinity , CPU infinity/infinity , DATA infinity/infinity , FSIZE infinity/infinity , MEMLOCK 64k/64k
load average: 17.36 14.34 13.70

/proc/meminfo:
MemTotal:       65852728 kB
MemFree:        25231056 kB
MemAvailable:   48944768 kB
Buffers:         2578184 kB
Cached:         19846964 kB
SwapCached:            0 kB
Active:          9784320 kB
Inactive:       26983076 kB
Active(anon):      14268 kB
Inactive(anon): 14131324 kB
Active(file):    9770052 kB
Inactive(file): 12851752 kB
Unevictable:       43412 kB
Mlocked:           43412 kB
SwapTotal:             0 kB
SwapFree:              0 kB
Dirty:              2936 kB
Writeback:             0 kB
AnonPages:      13394512 kB
Mapped:          1883796 kB
Shmem:             45988 kB
KReclaimable:    1818508 kB
Slab:            2963824 kB
SReclaimable:    1818508 kB
SUnreclaim:      1145316 kB
KernelStack:      388892 kB
PageTables:       130592 kB
NFS_Unstable:          0 kB
Bounce:                0 kB
WritebackTmp:          0 kB
CommitLimit:    32926364 kB
Committed_AS:   60580656 kB
VmallocTotal:   34359738367 kB
VmallocUsed:      422572 kB
VmallocChunk:          0 kB
Percpu:            52640 kB
HardwareCorrupted:     0 kB
AnonHugePages:   1304576 kB
ShmemHugePages:        0 kB
ShmemPmdMapped:        0 kB
FileHugePages:         0 kB
FilePmdMapped:         0 kB
HugePages_Total:       0
HugePages_Free:        0
HugePages_Rsvd:        0
HugePages_Surp:        0
Hugepagesize:       2048 kB
Hugetlb:               0 kB
DirectMap4k:     3996480 kB
DirectMap2M:    44234752 kB
DirectMap1G:    20971520 kB

/sys/kernel/mm/transparent_hugepage/enabled: always [madvise] never
/sys/kernel/mm/transparent_hugepage/defrag (defrag/compaction efforts parameter): always defer defer+madvise [madvise] never

Process Memory:
Virtual Size: 4788312K (peak: 4825916K)
Resident Set Size: 790188K (peak: 814804K) (anon: 592952K, file: 197236K, shmem: 0K)
Swapped out: 0K
C-Heap outstanding allocations: 40890K, retained: 11053K
glibc malloc tunables: (default)

/proc/sys/kernel/threads-max (system-wide limit on the number of threads): 514406
/proc/sys/vm/max_map_count (maximum number of memory map areas a process may have): 65530
/proc/sys/kernel/pid_max (system-wide limit on number of process identifiers): 4194304

container (cgroup) information:
container_type: cgroupv1
cpu_cpuset_cpus: 2-7
cpu_memory_nodes: 0
active_processor_count: 1
cpu_quota: 50000
cpu_period: 100000
cpu_shares: 512
memory_limit_in_bytes: 1048576 k
memory_and_swap_limit_in_bytes: 1048576 k
memory_soft_limit_in_bytes: 524288 k
memory_usage_in_bytes: 631176 k
memory_max_usage_in_bytes: 649112 k
maximum number of tasks: 1000
current number of tasks: 53

KVM virtualization detected
Steal ticks since vm start: 0
Steal ticks percentage since vm start:  0.000

CPU: total 8 (initial active 1) (8 cores per cpu, 2 threads per core) family 23 model 49 stepping 0 microcode 0xffffffff, cx8, cmov, fxsr, ht, mmx, 3dnowpref, sse, sse2, sse3, ssse3, sse4a, sse4.1, sse4.2, popcnt, lzcnt, tsc, tscinvbit, avx, avx2, aes, clmul, bmi1, bmi2, adx, sha, fma, vzeroupper, clflush, clflushopt, hv
CPU Model and flags from /proc/cpuinfo:
model name	: AMD EPYC 7B12
flags		: fpu vme de pse tsc msr pae mce cx8 apic sep mtrr pge mca cmov pat pse36 clflush mmx fxsr sse sse2 ht syscall nx mmxext fxsr_opt pdpe1gb rdtscp lm constant_tsc rep_good nopl nonstop_tsc cpuid extd_apicid tsc_known_freq pni pclmulqdq ssse3 fma cx16 sse4_1 sse4_2 movbe popcnt aes xsave avx f16c rdrand hypervisor lahf_lm cmp_legacy cr8_legacy abm sse4a misalignsse 3dnowprefetch osvw topoext ssbd ibrs ibpb stibp vmmcall fsgsbase tsc_adjust bmi1 avx2 smep bmi2 rdseed adx smap clflushopt clwb sha_ni xsaveopt xsavec xgetbv1 clzero xsaveerptr arat npt nrip_save umip rdpid

Online cpus: 0-7
Offline cpus: 
BIOS frequency limitation: <Not Available>
Frequency switch latency (ns): <Not Available>
Available cpu frequencies: <Not Available>
Current governor: <Not Available>
Core performance/turbo boost: <Not Available>

Memory: 4k page, physical 1048576k(417268k free), swap 0k(0k free)
Page Sizes: 4k

vm_info: OpenJDK 64-Bit Server VM (17.0.5+8-jvmci-22.3-b08) for linux-amd64 JRE (17.0.5+8-jvmci-22.3-b08), built on Oct 19 2022 09:01:27 by "buildslave" with gcc 10.3.0

END.
